INFO:    Downloading library image
0.0b / 450.7MiB [-----------------------------------------------] 0 % 0.0 b/s 0s
[1A[J0.0b / 450.7MiB [-----------------------------------------------] 0 % 0.0 b/s 0s
[1A[J16.6KiB / 450.7MiB [-----------------------------------] 0 % 45.9 KiB/s 2h47m26s
[1A[J16.6KiB / 450.7MiB [-----------------------------------] 0 % 34.5 KiB/s 3h42m55s
[1A[J33.6KiB / 450.7MiB [-----------------------------------] 0 % 55.9 KiB/s 2h17m38s
[1A[J33.6KiB / 450.7MiB [------------------------------------] 0 % 46.6 KiB/s 2h45m5s
[1A[J50.6KiB / 450.7MiB [------------------------------------] 0 % 60.2 KiB/s 2h7m47s
[1A[J50.6KiB / 450.7MiB [------------------------------------] 0 % 52.6 KiB/s 2h26m8s
[1A[J67.6KiB / 450.7MiB [-------------------------------------] 0 % 62.5 KiB/s 2h3m2s
[1A[J67.6KiB / 450.7MiB [-----------------------------------] 0 % 56.3 KiB/s 2h16m43s
[1A[J67.6KiB / 450.7MiB [-----------------------------------] 0 % 51.2 KiB/s 2h30m21s
[1A[J84.6KiB / 450.7MiB [------------------------------------] 0 % 58.7 KiB/s 2h11m1s
[1A[J84.6KiB / 450.7MiB [-----------------------------------] 0 % 54.2 KiB/s 2h21m53s
[1A[J101.6KiB / 450.7MiB [-----------------------------------] 0 % 60.4 KiB/s 2h7m15s
[1A[J101.6KiB / 450.7MiB [----------------------------------] 0 % 56.4 KiB/s 2h16m21s
[1A[J118.6KiB / 450.7MiB [-----------------------------------] 0 % 61.7 KiB/s 2h4m33s
[1A[J118.6KiB / 450.7MiB [----------------------------------] 0 % 58.1 KiB/s 2h12m19s
[1A[J135.6KiB / 450.7MiB [-----------------------------------] 0 % 62.8 KiB/s 2h2m31s
[1A[J135.6KiB / 450.7MiB [-----------------------------------] 0 % 59.4 KiB/s 2h9m22s
[1A[J135.6KiB / 450.7MiB [----------------------------------] 0 % 56.5 KiB/s 2h16m11s
[1A[J152.6KiB / 450.7MiB [------------------------------------] 0 % 60.5 KiB/s 2h7m2s
[1A[J152.6KiB / 450.7MiB [-----------------------------------] 0 % 57.8 KiB/s 2h13m5s
[1A[J169.6KiB / 450.7MiB [-----------------------------------] 0 % 61.4 KiB/s 2h5m10s
[1A[J169.6KiB / 450.7MiB [----------------------------------] 0 % 58.9 KiB/s 2h10m37s
[1A[J186.6KiB / 450.7MiB [-----------------------------------] 0 % 62.2 KiB/s 2h3m39s
[1A[J202.6KiB / 450.7MiB [----------------------------------] 0 % 64.9 KiB/s 1h58m27s
[1A[J203.6KiB / 450.7MiB [-----------------------------------] 0 % 62.8 KiB/s 2h2m23s
[1A[J220.6KiB / 450.7MiB [-----------------------------------] 0 % 65.6 KiB/s 1h57m8s
[1A[J220.6KiB / 450.7MiB [-----------------------------------] 0 % 63.4 KiB/s 2h1m20s
[1A[J237.6KiB / 450.7MiB [----------------------------------] 0 % 66.0 KiB/s 1h56m31s
[1A[J237.6KiB / 450.7MiB [-----------------------------------] 0 % 63.8 KiB/s 2h0m24s
[1A[J237.6KiB / 450.7MiB [-----------------------------------] 0 % 61.9 KiB/s 2h4m17s
[1A[J254.6KiB / 450.7MiB [----------------------------------] 0 % 64.3 KiB/s 1h59m36s
[1A[J271.6KiB / 450.7MiB [----------------------------------] 0 % 66.6 KiB/s 1h55m30s
[1A[J271.6KiB / 450.7MiB [----------------------------------] 0 % 64.6 KiB/s 1h58m54s
[1A[J288.6KiB / 450.7MiB [-----------------------------------] 0 % 66.8 KiB/s 1h55m5s
[1A[J288.6KiB / 450.7MiB [----------------------------------] 0 % 65.0 KiB/s 1h58m17s
[1A[J288.6KiB / 450.7MiB [-----------------------------------] 0 % 63.3 KiB/s 2h1m29s
[1A[J322.6KiB / 450.7MiB [----------------------------------] 0 % 68.9 KiB/s 1h51m32s
[1A[J322.6KiB / 450.7MiB [----------------------------------] 0 % 67.2 KiB/s 1h54m24s
[1A[J339.6KiB / 450.7MiB [----------------------------------] 0 % 69.0 KiB/s 1h51m22s
[1A[J339.6KiB / 450.7MiB [-----------------------------------] 0 % 67.4 KiB/s 1h54m5s
[1A[J356.6KiB / 450.7MiB [----------------------------------] 0 % 69.1 KiB/s 1h51m14s
[1A[J373.6KiB / 450.7MiB [----------------------------------] 0 % 70.7 KiB/s 1h48m37s
[1A[J390.6KiB / 450.7MiB [----------------------------------] 0 % 72.3 KiB/s 1h46m16s
[1A[J390.6KiB / 450.7MiB [----------------------------------] 0 % 70.7 KiB/s 1h48m38s
[1A[J390.6KiB / 450.7MiB [----------------------------------] 0 % 69.2 KiB/s 1h50m59s
[1A[J424.6KiB / 450.7MiB [----------------------------------] 0 % 73.7 KiB/s 1h44m16s
[1A[J424.6KiB / 450.7MiB [----------------------------------] 0 % 72.2 KiB/s 1h46m26s
[1A[J458.6KiB / 450.7MiB [----------------------------------] 0 % 76.4 KiB/s 1h40m33s
[1A[J475.6KiB / 450.7MiB [----------------------------------] 0 % 77.7 KiB/s 1h38m54s
[1A[J492.6KiB / 450.7MiB [----------------------------------] 0 % 78.9 KiB/s 1h37m21s
[1A[J509.6KiB / 450.7MiB [----------------------------------] 0 % 80.1 KiB/s 1h35m54s
[1A[J543.6KiB / 450.7MiB [----------------------------------] 0 % 83.9 KiB/s 1h31m35s
[1A[J560.6KiB / 450.7MiB [----------------------------------] 0 % 84.9 KiB/s 1h30m27s
[1A[J560.6KiB / 450.7MiB [-----------------------------------] 0 % 83.4 KiB/s 1h32m5s
[1A[J611.6KiB / 450.7MiB [----------------------------------] 0 % 89.4 KiB/s 1h25m55s
[1A[J611.6KiB / 450.7MiB [----------------------------------] 0 % 87.9 KiB/s 1h27m25s
[1A[J645.6KiB / 450.7MiB [----------------------------------] 0 % 91.2 KiB/s 1h24m14s
[1A[J679.6KiB / 450.7MiB [----------------------------------] 0 % 94.4 KiB/s 1h21m22s
[1A[J713.6KiB / 450.7MiB [----------------------------------] 0 % 97.5 KiB/s 1h18m47s
[1A[J747.6KiB / 450.7MiB [---------------------------------] 0 % 100.5 KiB/s 1h16m26s
[1A[J798.6KiB / 450.7MiB [---------------------------------] 0 % 105.6 KiB/s 1h12m42s
[1A[J832.6KiB / 450.7MiB [---------------------------------] 0 % 108.4 KiB/s 1h10m49s
[1A[J832.6KiB / 450.7MiB [---------------------------------] 0 % 106.7 KiB/s 1h11m56s
[1A[J917.6KiB / 450.7MiB [----------------------------------] 0 % 115.9 KiB/s 1h6m15s
[1A[J917.6KiB / 450.7MiB [----------------------------------] 0 % 114.1 KiB/s 1h7m15s
[1A[J985.6KiB / 450.7MiB [----------------------------------] 0 % 120.8 KiB/s 1h3m33s
[1A[J1.0MiB / 450.7MiB [------------------------------------] 0 % 125.2 KiB/s 1h1m18s
[1A[J1.1MiB / 450.7MiB [-------------------------------------] 0 % 131.4 KiB/s 58m24s
[1A[J1.1MiB / 450.7MiB [-------------------------------------] 0 % 133.6 KiB/s 57m25s
[1A[J1.2MiB / 450.7MiB [-------------------------------------] 0 % 141.6 KiB/s 54m10s
[1A[J1.2MiB / 450.7MiB [-------------------------------------] 0 % 145.5 KiB/s 52m43s
[1A[J1.2MiB / 450.7MiB [-------------------------------------] 0 % 143.5 KiB/s 53m26s
[1A[J1.4MiB / 450.7MiB [-------------------------------------] 0 % 156.7 KiB/s 48m55s
[1A[J1.4MiB / 450.7MiB [-------------------------------------] 0 % 156.5 KiB/s 48m59s
[1A[J1.5MiB / 450.7MiB [-------------------------------------] 0 % 165.5 KiB/s 46m19s
[1A[J1.6MiB / 450.7MiB [-------------------------------------] 0 % 170.7 KiB/s 44m54s
[1A[J1.7MiB / 450.7MiB [-------------------------------------] 0 % 179.3 KiB/s 42m45s
[1A[J1.7MiB / 450.7MiB [-------------------------------------] 0 % 184.1 KiB/s 41m37s
[1A[J1.9MiB / 450.7MiB [--------------------------------------] 0 % 195.8 KiB/s 39m7s
[1A[J1.9MiB / 450.7MiB [-------------------------------------] 0 % 200.3 KiB/s 38m14s
[1A[J2.0MiB / 450.7MiB [--------------------------------------] 0 % 201.4 KiB/s 38m2s
[1A[J2.1MiB / 450.7MiB [-------------------------------------] 0 % 217.5 KiB/s 35m11s
[1A[J2.2MiB / 450.7MiB [-------------------------------------] 0 % 216.6 KiB/s 35m20s
[1A[J2.3MiB / 450.7MiB [-------------------------------------] 1 % 230.6 KiB/s 33m11s
[1A[J2.4MiB / 450.7MiB [-------------------------------------] 1 % 236.1 KiB/s 32m24s
[1A[J2.6MiB / 450.7MiB [-------------------------------------] 1 % 249.5 KiB/s 30m39s
[1A[J2.7MiB / 450.7MiB [-------------------------------------] 1 % 256.2 KiB/s 29m50s
[1A[J2.9MiB / 450.7MiB [-------------------------------------] 1 % 270.7 KiB/s 28m14s
[1A[J3.0MiB / 450.7MiB [-------------------------------------] 1 % 277.1 KiB/s 27m34s
[1A[J3.0MiB / 450.7MiB [--------------------------------------] 1 % 281.8 KiB/s 27m6s
[1A[J3.3MiB / 450.7MiB [-------------------------------------] 1 % 300.0 KiB/s 25m27s
[1A[J3.3MiB / 450.7MiB [-------------------------------------] 1 % 299.9 KiB/s 25m27s
[1A[J3.5MiB / 450.7MiB [--------------------------------------] 1 % 317.6 KiB/s 24m1s
[1A[J3.7MiB / 450.7MiB [-------------------------------------] 1 % 324.6 KiB/s 23m30s
[1A[J3.9MiB / 450.7MiB [--------------------------------------] 1 % 344.5 KiB/s 22m7s
[1A[J4.1MiB / 450.7MiB [-------------------------------------] 1 % 352.7 KiB/s 21m36s
[1A[J4.3MiB / 450.7MiB [-------------------------------------] 1 % 370.6 KiB/s 20m33s
[1A[J4.4MiB / 450.7MiB [--------------------------------------] 1 % 379.6 KiB/s 20m3s
[1A[J4.6MiB / 450.7MiB [-------------------------------------] 1 % 385.7 KiB/s 19m44s
[1A[J4.9MiB / 450.7MiB [-------------------------------------] 1 % 409.6 KiB/s 18m34s
[1A[J4.9MiB / 450.7MiB [-------------------------------------] 1 % 409.7 KiB/s 18m33s
[1A[J5.3MiB / 450.7MiB [-------------------------------------] 1 % 431.8 KiB/s 17m36s
[1A[J5.4MiB / 450.7MiB [-------------------------------------] 1 % 442.4 KiB/s 17m10s
[1A[J5.6MiB / 450.7MiB [-------------------------------------] 1 % 454.4 KiB/s 16m42s
[1A[J5.6MiB / 450.7MiB [-------------------------------------] 1 % 450.1 KiB/s 16m52s
[1A[J5.8MiB / 450.7MiB [-------------------------------------] 1 % 455.0 KiB/s 16m41s
[1A[J6.4MiB / 450.7MiB [>------------------------------------] 1 % 499.9 KiB/s 15m10s
[1A[J6.5MiB / 450.7MiB [>-------------------------------------] 1 % 501.4 KiB/s 15m7s
[1A[J6.8MiB / 450.7MiB [>------------------------------------] 2 % 520.9 KiB/s 14m32s
[1A[J6.8MiB / 450.7MiB [>------------------------------------] 2 % 518.6 KiB/s 14m36s
[1A[J7.1MiB / 450.7MiB [>-------------------------------------] 2 % 535.3 KiB/s 14m8s
[1A[J7.2MiB / 450.7MiB [>------------------------------------] 2 % 541.1 KiB/s 13m59s
[1A[J7.5MiB / 450.7MiB [>------------------------------------] 2 % 557.2 KiB/s 13m34s
[1A[J7.7MiB / 450.7MiB [>------------------------------------] 2 % 564.0 KiB/s 13m24s
[1A[J7.9MiB / 450.7MiB [>-------------------------------------] 2 % 578.5 KiB/s 13m3s
[1A[J8.1MiB / 450.7MiB [>------------------------------------] 2 % 584.9 KiB/s 12m55s
[1A[J8.2MiB / 450.7MiB [>------------------------------------] 2 % 587.8 KiB/s 12m50s
[1A[J8.5MiB / 450.7MiB [>------------------------------------] 2 % 607.4 KiB/s 12m25s
[1A[J8.6MiB / 450.7MiB [>------------------------------------] 2 % 605.6 KiB/s 12m27s
[1A[J8.9MiB / 450.7MiB [>-------------------------------------] 2 % 624.7 KiB/s 12m4s
[1A[J9.1MiB / 450.7MiB [>------------------------------------] 2 % 628.3 KiB/s 11m59s
[1A[J9.4MiB / 450.7MiB [>------------------------------------] 2 % 645.8 KiB/s 11m39s
[1A[J9.6MiB / 450.7MiB [>------------------------------------] 2 % 652.4 KiB/s 11m32s
[1A[J9.9MiB / 450.7MiB [>------------------------------------] 2 % 667.3 KiB/s 11m16s
[1A[J10.0MiB / 450.7MiB [>-----------------------------------] 2 % 672.6 KiB/s 11m10s
[1A[J10.2MiB / 450.7MiB [>------------------------------------] 2 % 678.8 KiB/s 11m4s
[1A[J10.5MiB / 450.7MiB [>-----------------------------------] 2 % 695.2 KiB/s 10m48s
[1A[J10.6MiB / 450.7MiB [>-----------------------------------] 2 % 694.0 KiB/s 10m49s
[1A[J11.0MiB / 450.7MiB [>-----------------------------------] 2 % 715.2 KiB/s 10m29s
[1A[J11.1MiB / 450.7MiB [>-----------------------------------] 2 % 716.8 KiB/s 10m27s
[1A[J11.4MiB / 450.7MiB [>-----------------------------------] 3 % 732.5 KiB/s 10m14s
[1A[J11.6MiB / 450.7MiB [>------------------------------------] 3 % 739.9 KiB/s 10m7s
[1A[J11.9MiB / 450.7MiB [>------------------------------------] 3 % 754.2 KiB/s 9m55s
[1A[J12.1MiB / 450.7MiB [>------------------------------------] 3 % 759.4 KiB/s 9m51s
[1A[J12.3MiB / 450.7MiB [>------------------------------------] 3 % 766.6 KiB/s 9m45s
[1A[J12.6MiB / 450.7MiB [>------------------------------------] 3 % 781.3 KiB/s 9m34s
[1A[J12.7MiB / 450.7MiB [>------------------------------------] 3 % 778.6 KiB/s 9m35s
[1A[J13.2MiB / 450.7MiB [>------------------------------------] 3 % 801.6 KiB/s 9m18s
[1A[J13.2MiB / 450.7MiB [>------------------------------------] 3 % 800.6 KiB/s 9m19s
[1A[J13.6MiB / 450.7MiB [>-------------------------------------] 3 % 816.6 KiB/s 9m8s
[1A[J13.8MiB / 450.7MiB [>-------------------------------------] 3 % 822.0 KiB/s 9m4s
[1A[J14.1MiB / 450.7MiB [>------------------------------------] 3 % 835.8 KiB/s 8m54s
[1A[J14.3MiB / 450.7MiB [>------------------------------------] 3 % 841.0 KiB/s 8m51s
[1A[J14.5MiB / 450.7MiB [>------------------------------------] 3 % 849.0 KiB/s 8m45s
[1A[J14.8MiB / 450.7MiB [>------------------------------------] 3 % 861.3 KiB/s 8m38s
[1A[J14.9MiB / 450.7MiB [>------------------------------------] 3 % 858.2 KiB/s 8m40s
[1A[J15.4MiB / 450.7MiB [>------------------------------------] 3 % 880.2 KiB/s 8m26s
[1A[J15.4MiB / 450.7MiB [>------------------------------------] 3 % 878.8 KiB/s 8m27s
[1A[J15.8MiB / 450.7MiB [>------------------------------------] 4 % 892.4 KiB/s 8m18s
[1A[J16.0MiB / 450.7MiB [>------------------------------------] 4 % 897.9 KiB/s 8m15s
[1A[J16.3MiB / 450.7MiB [>-------------------------------------] 4 % 911.2 KiB/s 8m8s
[1A[J16.5MiB / 450.7MiB [>-------------------------------------] 4 % 914.8 KiB/s 8m5s
[1A[J16.8MiB / 450.7MiB [>-------------------------------------] 4 % 924.4 KiB/s 8m0s
[1A[J17.1MiB / 450.7MiB [>------------------------------------] 4 % 933.9 KiB/s 7m55s
[1A[J17.1MiB / 450.7MiB [>------------------------------------] 4 % 931.3 KiB/s 7m56s
[1A[J17.6MiB / 450.7MiB [>------------------------------------] 4 % 951.6 KiB/s 7m45s
[1A[J17.7MiB / 450.7MiB [>------------------------------------] 4 % 949.0 KiB/s 7m47s
[1A[J18.0MiB / 450.7MiB [>------------------------------------] 4 % 962.2 KiB/s 7m40s
[1A[J18.2MiB / 450.7MiB [>------------------------------------] 4 % 967.0 KiB/s 7m38s
[1A[J18.6MiB / 450.7MiB [=>-----------------------------------] 4 % 978.3 KiB/s 7m32s
[1A[J18.8MiB / 450.7MiB [=>-----------------------------------] 4 % 982.1 KiB/s 7m30s
[1A[J19.1MiB / 450.7MiB [=>-----------------------------------] 4 % 992.4 KiB/s 7m25s
[1A[J19.3MiB / 450.7MiB [=>-----------------------------------] 4 % 999.3 KiB/s 7m21s
[1A[J19.4MiB / 450.7MiB [=>-----------------------------------] 4 % 997.3 KiB/s 7m22s
[1A[J19.9MiB / 450.7MiB [=>----------------------------------] 4 % 1015.3 KiB/s 7m14s
[1A[J19.9MiB / 450.7MiB [=>----------------------------------] 4 % 1012.4 KiB/s 7m15s
[1A[J20.3MiB / 450.7MiB [=>-------------------------------------] 5 % 1.0 MiB/s 7m10s
[1A[J20.5MiB / 450.7MiB [=>--------------------------------------] 5 % 1.0 MiB/s 7m8s
[1A[J20.8MiB / 450.7MiB [=>--------------------------------------] 5 % 1.0 MiB/s 7m3s
[1A[J21.0MiB / 450.7MiB [=>--------------------------------------] 5 % 1.0 MiB/s 7m1s
[1A[J21.4MiB / 450.7MiB [=>-------------------------------------] 5 % 1.0 MiB/s 6m57s
[1A[J21.6MiB / 450.7MiB [=>-------------------------------------] 5 % 1.0 MiB/s 6m55s
[1A[J21.7MiB / 450.7MiB [=>-------------------------------------] 5 % 1.0 MiB/s 6m55s
[1A[J22.1MiB / 450.7MiB [=>-------------------------------------] 5 % 1.0 MiB/s 6m49s
[1A[J22.2MiB / 450.7MiB [=>-------------------------------------] 5 % 1.0 MiB/s 6m50s
[1A[J22.6MiB / 450.7MiB [=>-------------------------------------] 5 % 1.1 MiB/s 6m45s
[1A[J22.7MiB / 450.7MiB [=>-------------------------------------] 5 % 1.1 MiB/s 6m44s
[1A[J23.1MiB / 450.7MiB [=>-------------------------------------] 5 % 1.1 MiB/s 6m39s
[1A[J23.3MiB / 450.7MiB [=>-------------------------------------] 5 % 1.1 MiB/s 6m38s
[1A[J23.6MiB / 450.7MiB [=>-------------------------------------] 5 % 1.1 MiB/s 6m34s
[1A[J23.8MiB / 450.7MiB [=>-------------------------------------] 5 % 1.1 MiB/s 6m33s
[1A[J23.9MiB / 450.7MiB [=>-------------------------------------] 5 % 1.1 MiB/s 6m33s
[1A[J24.4MiB / 450.7MiB [=>-------------------------------------] 5 % 1.1 MiB/s 6m28s
[1A[J24.4MiB / 450.7MiB [=>-------------------------------------] 5 % 1.1 MiB/s 6m29s
[1A[J24.8MiB / 450.7MiB [=>-------------------------------------] 6 % 1.1 MiB/s 6m24s
[1A[J25.0MiB / 450.7MiB [=>-------------------------------------] 6 % 1.1 MiB/s 6m24s
[1A[J25.4MiB / 450.7MiB [=>-------------------------------------] 6 % 1.1 MiB/s 6m20s
[1A[J25.6MiB / 450.7MiB [=>-------------------------------------] 6 % 1.1 MiB/s 6m18s
[1A[J25.9MiB / 450.7MiB [=>-------------------------------------] 6 % 1.1 MiB/s 6m15s
[1A[J26.1MiB / 450.7MiB [=>-------------------------------------] 6 % 1.1 MiB/s 6m14s
[1A[J26.3MiB / 450.7MiB [=>-------------------------------------] 6 % 1.1 MiB/s 6m14s
[1A[J26.7MiB / 450.7MiB [=>-------------------------------------] 6 % 1.1 MiB/s 6m10s
[1A[J26.7MiB / 450.7MiB [=>-------------------------------------] 6 % 1.1 MiB/s 6m11s
[1A[J27.2MiB / 450.7MiB [=>--------------------------------------] 6 % 1.2 MiB/s 6m6s
[1A[J27.3MiB / 450.7MiB [=>--------------------------------------] 6 % 1.2 MiB/s 6m6s
[1A[J27.7MiB / 450.7MiB [=>--------------------------------------] 6 % 1.2 MiB/s 6m3s
[1A[J27.9MiB / 450.7MiB [=>--------------------------------------] 6 % 1.2 MiB/s 6m1s
[1A[J28.3MiB / 450.7MiB [=>-------------------------------------] 6 % 1.2 MiB/s 5m58s
[1A[J28.4MiB / 450.7MiB [=>-------------------------------------] 6 % 1.2 MiB/s 5m58s
[1A[J28.6MiB / 450.7MiB [=>-------------------------------------] 6 % 1.2 MiB/s 5m57s
[1A[J29.0MiB / 450.7MiB [==>------------------------------------] 6 % 1.2 MiB/s 5m53s
[1A[J29.1MiB / 450.7MiB [==>------------------------------------] 6 % 1.2 MiB/s 5m54s
[1A[J29.6MiB / 450.7MiB [==>------------------------------------] 7 % 1.2 MiB/s 5m50s
[1A[J29.7MiB / 450.7MiB [==>------------------------------------] 7 % 1.2 MiB/s 5m50s
[1A[J30.1MiB / 450.7MiB [==>------------------------------------] 7 % 1.2 MiB/s 5m47s
[1A[J30.3MiB / 450.7MiB [==>------------------------------------] 7 % 1.2 MiB/s 5m46s
[1A[J30.7MiB / 450.7MiB [==>------------------------------------] 7 % 1.2 MiB/s 5m43s
[1A[J30.9MiB / 450.7MiB [==>------------------------------------] 7 % 1.2 MiB/s 5m42s
[1A[J31.1MiB / 450.7MiB [==>------------------------------------] 7 % 1.2 MiB/s 5m41s
[1A[J31.5MiB / 450.7MiB [==>------------------------------------] 7 % 1.2 MiB/s 5m37s
[1A[J31.6MiB / 450.7MiB [==>------------------------------------] 7 % 1.2 MiB/s 5m38s
[1A[J32.2MiB / 450.7MiB [==>------------------------------------] 7 % 1.3 MiB/s 5m34s
[1A[J32.3MiB / 450.7MiB [==>------------------------------------] 7 % 1.3 MiB/s 5m34s
[1A[J32.7MiB / 450.7MiB [==>------------------------------------] 7 % 1.3 MiB/s 5m31s
[1A[J32.9MiB / 450.7MiB [==>------------------------------------] 7 % 1.3 MiB/s 5m30s
[1A[J33.3MiB / 450.7MiB [==>------------------------------------] 7 % 1.3 MiB/s 5m27s
[1A[J33.6MiB / 450.7MiB [==>------------------------------------] 7 % 1.3 MiB/s 5m26s
[1A[J33.9MiB / 450.7MiB [==>------------------------------------] 8 % 1.3 MiB/s 5m25s
[1A[J34.3MiB / 450.7MiB [==>------------------------------------] 8 % 1.3 MiB/s 5m22s
[1A[J34.3MiB / 450.7MiB [==>------------------------------------] 8 % 1.3 MiB/s 5m23s
[1A[J34.9MiB / 450.7MiB [==>------------------------------------] 8 % 1.3 MiB/s 5m18s
[1A[J35.0MiB / 450.7MiB [==>------------------------------------] 8 % 1.3 MiB/s 5m19s
[1A[J35.5MiB / 450.7MiB [==>------------------------------------] 8 % 1.3 MiB/s 5m15s
[1A[J35.8MiB / 450.7MiB [==>------------------------------------] 8 % 1.3 MiB/s 5m14s
[1A[J36.2MiB / 450.7MiB [==>------------------------------------] 8 % 1.3 MiB/s 5m11s
[1A[J36.5MiB / 450.7MiB [==>------------------------------------] 8 % 1.3 MiB/s 5m10s
[1A[J36.9MiB / 450.7MiB [==>-------------------------------------] 8 % 1.3 MiB/s 5m8s
[1A[J37.3MiB / 450.7MiB [==>-------------------------------------] 8 % 1.3 MiB/s 5m6s
[1A[J37.4MiB / 450.7MiB [==>-------------------------------------] 8 % 1.3 MiB/s 5m6s
[1A[J38.0MiB / 450.7MiB [==>-------------------------------------] 8 % 1.4 MiB/s 5m2s
[1A[J38.2MiB / 450.7MiB [==>-------------------------------------] 8 % 1.4 MiB/s 5m2s
[1A[J38.7MiB / 450.7MiB [==>------------------------------------] 9 % 1.4 MiB/s 4m58s
[1A[J39.0MiB / 450.7MiB [==>------------------------------------] 9 % 1.4 MiB/s 4m57s
[1A[J39.5MiB / 450.7MiB [==>------------------------------------] 9 % 1.4 MiB/s 4m54s
[1A[J39.8MiB / 450.7MiB [==>------------------------------------] 9 % 1.4 MiB/s 4m53s
[1A[J40.2MiB / 450.7MiB [==>------------------------------------] 9 % 1.4 MiB/s 4m51s
[1A[J40.7MiB / 450.7MiB [===>-----------------------------------] 9 % 1.4 MiB/s 4m49s
[1A[J40.8MiB / 450.7MiB [===>-----------------------------------] 9 % 1.4 MiB/s 4m49s
[1A[J41.6MiB / 450.7MiB [===>-----------------------------------] 9 % 1.4 MiB/s 4m44s
[1A[J41.7MiB / 450.7MiB [===>-----------------------------------] 9 % 1.4 MiB/s 4m44s
[1A[J42.3MiB / 450.7MiB [===>-----------------------------------] 9 % 1.5 MiB/s 4m41s
[1A[J42.6MiB / 450.7MiB [===>-----------------------------------] 9 % 1.5 MiB/s 4m40s
[1A[J43.3MiB / 450.7MiB [===>----------------------------------] 10 % 1.5 MiB/s 4m36s
[1A[J43.6MiB / 450.7MiB [===>----------------------------------] 10 % 1.5 MiB/s 4m35s
[1A[J44.1MiB / 450.7MiB [===>----------------------------------] 10 % 1.5 MiB/s 4m33s
[1A[J44.6MiB / 450.7MiB [===>----------------------------------] 10 % 1.5 MiB/s 4m31s
[1A[J44.8MiB / 450.7MiB [===>----------------------------------] 10 % 1.5 MiB/s 4m30s
[1A[J45.6MiB / 450.7MiB [===>----------------------------------] 10 % 1.5 MiB/s 4m26s
[1A[J45.8MiB / 450.7MiB [===>----------------------------------] 10 % 1.5 MiB/s 4m26s
[1A[J46.5MiB / 450.7MiB [===>----------------------------------] 10 % 1.5 MiB/s 4m22s
[1A[J46.9MiB / 450.7MiB [===>----------------------------------] 10 % 1.5 MiB/s 4m21s
[1A[J47.6MiB / 450.7MiB [===>----------------------------------] 11 % 1.6 MiB/s 4m17s
[1A[J48.0MiB / 450.7MiB [===>----------------------------------] 11 % 1.6 MiB/s 4m16s
[1A[J48.5MiB / 450.7MiB [===>----------------------------------] 11 % 1.6 MiB/s 4m14s
[1A[J49.2MiB / 450.7MiB [===>----------------------------------] 11 % 1.6 MiB/s 4m11s
[1A[J49.4MiB / 450.7MiB [===>----------------------------------] 11 % 1.6 MiB/s 4m11s
[1A[J50.4MiB / 450.7MiB [===>-----------------------------------] 11 % 1.6 MiB/s 4m6s
[1A[J50.5MiB / 450.7MiB [===>-----------------------------------] 11 % 1.6 MiB/s 4m7s
[1A[J51.5MiB / 450.7MiB [===>-----------------------------------] 11 % 1.6 MiB/s 4m2s
[1A[J51.8MiB / 450.7MiB [===>-----------------------------------] 12 % 1.6 MiB/s 4m1s
[1A[J52.7MiB / 450.7MiB [===>----------------------------------] 12 % 1.7 MiB/s 3m58s
[1A[J53.2MiB / 450.7MiB [===>----------------------------------] 12 % 1.7 MiB/s 3m56s
[1A[J53.8MiB / 450.7MiB [====>---------------------------------] 12 % 1.7 MiB/s 3m54s
[1A[J54.5MiB / 450.7MiB [====>---------------------------------] 12 % 1.7 MiB/s 3m51s
[1A[J54.9MiB / 450.7MiB [====>---------------------------------] 12 % 1.7 MiB/s 3m51s
[1A[J56.0MiB / 450.7MiB [====>---------------------------------] 12 % 1.7 MiB/s 3m46s
[1A[J56.2MiB / 450.7MiB [====>---------------------------------] 12 % 1.7 MiB/s 3m46s
[1A[J57.3MiB / 450.7MiB [====>---------------------------------] 13 % 1.8 MiB/s 3m42s
[1A[J57.7MiB / 450.7MiB [====>---------------------------------] 13 % 1.8 MiB/s 3m41s
[1A[J58.6MiB / 450.7MiB [====>---------------------------------] 13 % 1.8 MiB/s 3m38s
[1A[J59.3MiB / 450.7MiB [====>---------------------------------] 13 % 1.8 MiB/s 3m36s
[1A[J59.9MiB / 450.7MiB [====>---------------------------------] 13 % 1.8 MiB/s 3m34s
[1A[J60.9MiB / 450.7MiB [====>---------------------------------] 14 % 1.8 MiB/s 3m31s
[1A[J61.3MiB / 450.7MiB [====>---------------------------------] 14 % 1.9 MiB/s 3m30s
[1A[J62.2MiB / 450.7MiB [====>---------------------------------] 14 % 1.9 MiB/s 3m27s
[1A[J62.2MiB / 450.7MiB [====>---------------------------------] 14 % 1.9 MiB/s 3m28s
[1A[J62.2MiB / 450.7MiB [====>---------------------------------] 14 % 1.9 MiB/s 3m28s
[1A[J63.9MiB / 450.7MiB [====>---------------------------------] 14 % 1.9 MiB/s 3m23s
[1A[J63.9MiB / 450.7MiB [====>---------------------------------] 14 % 1.9 MiB/s 3m23s
[1A[J65.3MiB / 450.7MiB [=====>--------------------------------] 14 % 1.9 MiB/s 3m19s
[1A[J65.7MiB / 450.7MiB [=====>--------------------------------] 15 % 1.9 MiB/s 3m19s
[1A[J66.3MiB / 450.7MiB [=====>--------------------------------] 15 % 1.9 MiB/s 3m17s
[1A[J66.3MiB / 450.7MiB [=====>--------------------------------] 15 % 1.9 MiB/s 3m18s
[1A[J66.3MiB / 450.7MiB [=====>--------------------------------] 15 % 1.9 MiB/s 3m19s
[1A[J67.6MiB / 450.7MiB [=====>--------------------------------] 15 % 2.0 MiB/s 3m15s
[1A[J68.3MiB / 450.7MiB [=====>--------------------------------] 15 % 2.0 MiB/s 3m13s
[1A[J68.5MiB / 450.7MiB [=====>--------------------------------] 15 % 2.0 MiB/s 3m13s
[1A[J69.0MiB / 450.7MiB [=====>--------------------------------] 15 % 2.0 MiB/s 3m12s
[1A[J69.4MiB / 450.7MiB [=====>--------------------------------] 15 % 2.0 MiB/s 3m11s
[1A[J69.8MiB / 450.7MiB [=====>--------------------------------] 15 % 2.0 MiB/s 3m11s
[1A[J70.3MiB / 450.7MiB [=====>--------------------------------] 16 % 2.0 MiB/s 3m10s
[1A[J70.6MiB / 450.7MiB [=====>--------------------------------] 16 % 2.0 MiB/s 3m10s
[1A[J71.3MiB / 450.7MiB [=====>---------------------------------] 16 % 2.0 MiB/s 3m8s
[1A[J71.4MiB / 450.7MiB [=====>---------------------------------] 16 % 2.0 MiB/s 3m8s
[1A[J72.2MiB / 450.7MiB [=====>---------------------------------] 16 % 2.0 MiB/s 3m6s
[1A[J72.4MiB / 450.7MiB [=====>---------------------------------] 16 % 2.0 MiB/s 3m6s
[1A[J72.9MiB / 450.7MiB [=====>---------------------------------] 16 % 2.0 MiB/s 3m5s
[1A[J73.4MiB / 450.7MiB [=====>---------------------------------] 16 % 2.0 MiB/s 3m5s
[1A[J73.8MiB / 450.7MiB [=====>---------------------------------] 16 % 2.0 MiB/s 3m4s
[1A[J74.3MiB / 450.7MiB [=====>---------------------------------] 16 % 2.1 MiB/s 3m3s
[1A[J74.6MiB / 450.7MiB [=====>---------------------------------] 17 % 2.1 MiB/s 3m3s
[1A[J75.4MiB / 450.7MiB [======>--------------------------------] 17 % 2.1 MiB/s 3m1s
[1A[J75.5MiB / 450.7MiB [======>--------------------------------] 17 % 2.1 MiB/s 3m1s
[1A[J76.3MiB / 450.7MiB [======>--------------------------------] 17 % 2.1 MiB/s 3m0s
[1A[J76.5MiB / 450.7MiB [======>--------------------------------] 17 % 2.1 MiB/s 3m0s
[1A[J77.1MiB / 450.7MiB [======>-------------------------------] 17 % 2.1 MiB/s 2m59s
[1A[J77.6MiB / 450.7MiB [======>-------------------------------] 17 % 2.1 MiB/s 2m58s
[1A[J78.0MiB / 450.7MiB [======>-------------------------------] 17 % 2.1 MiB/s 2m57s
[1A[J78.6MiB / 450.7MiB [======>-------------------------------] 17 % 2.1 MiB/s 2m56s
[1A[J78.9MiB / 450.7MiB [======>-------------------------------] 17 % 2.1 MiB/s 2m56s
[1A[J79.6MiB / 450.7MiB [======>-------------------------------] 18 % 2.1 MiB/s 2m55s
[1A[J79.8MiB / 450.7MiB [======>-------------------------------] 18 % 2.1 MiB/s 2m55s
[1A[J80.6MiB / 450.7MiB [======>-------------------------------] 18 % 2.1 MiB/s 2m53s
[1A[J80.8MiB / 450.7MiB [======>-------------------------------] 18 % 2.1 MiB/s 2m53s
[1A[J81.5MiB / 450.7MiB [======>-------------------------------] 18 % 2.1 MiB/s 2m52s
[1A[J81.9MiB / 450.7MiB [======>-------------------------------] 18 % 2.1 MiB/s 2m52s
[1A[J82.3MiB / 450.7MiB [======>-------------------------------] 18 % 2.2 MiB/s 2m51s
[1A[J82.9MiB / 450.7MiB [======>-------------------------------] 18 % 2.2 MiB/s 2m50s
[1A[J83.3MiB / 450.7MiB [======>-------------------------------] 18 % 2.2 MiB/s 2m49s
[1A[J84.0MiB / 450.7MiB [======>-------------------------------] 19 % 2.2 MiB/s 2m48s
[1A[J84.2MiB / 450.7MiB [======>-------------------------------] 19 % 2.2 MiB/s 2m48s
[1A[J85.0MiB / 450.7MiB [======>-------------------------------] 19 % 2.2 MiB/s 2m47s
[1A[J85.2MiB / 450.7MiB [======>-------------------------------] 19 % 2.2 MiB/s 2m47s
[1A[J85.9MiB / 450.7MiB [======>-------------------------------] 19 % 2.2 MiB/s 2m46s
[1A[J86.3MiB / 450.7MiB [======>-------------------------------] 19 % 2.2 MiB/s 2m45s
[1A[J86.8MiB / 450.7MiB [======>-------------------------------] 19 % 2.2 MiB/s 2m44s
[1A[J87.4MiB / 450.7MiB [======>-------------------------------] 19 % 2.2 MiB/s 2m44s
[1A[J87.7MiB / 450.7MiB [======>-------------------------------] 19 % 2.2 MiB/s 2m43s
[1A[J88.4MiB / 450.7MiB [======>-------------------------------] 20 % 2.2 MiB/s 2m42s
[1A[J88.7MiB / 450.7MiB [======>-------------------------------] 20 % 2.2 MiB/s 2m42s
[1A[J89.5MiB / 450.7MiB [=======>------------------------------] 20 % 2.2 MiB/s 2m41s
[1A[J89.7MiB / 450.7MiB [=======>------------------------------] 20 % 2.2 MiB/s 2m41s
[1A[J90.4MiB / 450.7MiB [=======>------------------------------] 20 % 2.2 MiB/s 2m40s
[1A[J90.8MiB / 450.7MiB [=======>------------------------------] 20 % 2.3 MiB/s 2m40s
[1A[J91.3MiB / 450.7MiB [=======>------------------------------] 20 % 2.3 MiB/s 2m39s
[1A[J91.9MiB / 450.7MiB [=======>------------------------------] 20 % 2.3 MiB/s 2m38s
[1A[J92.2MiB / 450.7MiB [=======>------------------------------] 20 % 2.3 MiB/s 2m38s
[1A[J92.9MiB / 450.7MiB [=======>------------------------------] 21 % 2.3 MiB/s 2m37s
[1A[J93.2MiB / 450.7MiB [=======>------------------------------] 21 % 2.3 MiB/s 2m37s
[1A[J94.0MiB / 450.7MiB [=======>------------------------------] 21 % 2.3 MiB/s 2m35s
[1A[J94.2MiB / 450.7MiB [=======>------------------------------] 21 % 2.3 MiB/s 2m35s
[1A[J94.9MiB / 450.7MiB [=======>------------------------------] 21 % 2.3 MiB/s 2m34s
[1A[J95.3MiB / 450.7MiB [=======>------------------------------] 21 % 2.3 MiB/s 2m34s
[1A[J95.8MiB / 450.7MiB [=======>------------------------------] 21 % 2.3 MiB/s 2m33s
[1A[J96.4MiB / 450.7MiB [=======>------------------------------] 21 % 2.3 MiB/s 2m33s
[1A[J96.7MiB / 450.7MiB [=======>------------------------------] 21 % 2.3 MiB/s 2m32s
[1A[J97.4MiB / 450.7MiB [=======>------------------------------] 22 % 2.3 MiB/s 2m31s
[1A[J97.7MiB / 450.7MiB [=======>------------------------------] 22 % 2.3 MiB/s 2m31s
[1A[J98.4MiB / 450.7MiB [=======>------------------------------] 22 % 2.3 MiB/s 2m30s
[1A[J98.7MiB / 450.7MiB [=======>------------------------------] 22 % 2.3 MiB/s 2m30s
[1A[J99.4MiB / 450.7MiB [=======>------------------------------] 22 % 2.3 MiB/s 2m29s
[1A[J99.8MiB / 450.7MiB [=======>------------------------------] 22 % 2.3 MiB/s 2m29s
[1A[J100.3MiB / 450.7MiB [=======>-----------------------------] 22 % 2.4 MiB/s 2m28s
[1A[J100.8MiB / 450.7MiB [=======>-----------------------------] 22 % 2.4 MiB/s 2m28s
[1A[J101.2MiB / 450.7MiB [=======>-----------------------------] 22 % 2.4 MiB/s 2m28s
[1A[J101.9MiB / 450.7MiB [=======>-----------------------------] 23 % 2.4 MiB/s 2m27s
[1A[J102.2MiB / 450.7MiB [=======>-----------------------------] 23 % 2.4 MiB/s 2m26s
[1A[J102.9MiB / 450.7MiB [=======>-----------------------------] 23 % 2.4 MiB/s 2m25s
[1A[J103.1MiB / 450.7MiB [=======>-----------------------------] 23 % 2.4 MiB/s 2m26s
[1A[J103.9MiB / 450.7MiB [========>----------------------------] 23 % 2.4 MiB/s 2m25s
[1A[J104.2MiB / 450.7MiB [========>----------------------------] 23 % 2.4 MiB/s 2m24s
[1A[J104.8MiB / 450.7MiB [========>----------------------------] 23 % 2.4 MiB/s 2m23s
[1A[J105.3MiB / 450.7MiB [========>----------------------------] 23 % 2.4 MiB/s 2m23s
[1A[J105.7MiB / 450.7MiB [========>----------------------------] 23 % 2.4 MiB/s 2m23s
[1A[J106.4MiB / 450.7MiB [========>----------------------------] 24 % 2.4 MiB/s 2m22s
[1A[J106.7MiB / 450.7MiB [========>----------------------------] 24 % 2.4 MiB/s 2m22s
[1A[J107.5MiB / 450.7MiB [========>----------------------------] 24 % 2.4 MiB/s 2m21s
[1A[J107.7MiB / 450.7MiB [========>----------------------------] 24 % 2.4 MiB/s 2m21s
[1A[J108.5MiB / 450.7MiB [========>----------------------------] 24 % 2.4 MiB/s 2m20s
[1A[J108.8MiB / 450.7MiB [========>----------------------------] 24 % 2.4 MiB/s 2m20s
[1A[J109.4MiB / 450.7MiB [========>----------------------------] 24 % 2.4 MiB/s 2m19s
[1A[J109.9MiB / 450.7MiB [========>----------------------------] 24 % 2.4 MiB/s 2m19s
[1A[J110.3MiB / 450.7MiB [========>----------------------------] 24 % 2.5 MiB/s 2m18s
[1A[J110.9MiB / 450.7MiB [========>----------------------------] 25 % 2.5 MiB/s 2m18s
[1A[J111.3MiB / 450.7MiB [========>----------------------------] 25 % 2.5 MiB/s 2m18s
[1A[J112.0MiB / 450.7MiB [========>----------------------------] 25 % 2.5 MiB/s 2m17s
[1A[J112.2MiB / 450.7MiB [========>----------------------------] 25 % 2.5 MiB/s 2m17s
[1A[J113.1MiB / 450.7MiB [========>----------------------------] 25 % 2.5 MiB/s 2m16s
[1A[J113.3MiB / 450.7MiB [========>----------------------------] 25 % 2.5 MiB/s 2m16s
[1A[J114.0MiB / 450.7MiB [========>----------------------------] 25 % 2.5 MiB/s 2m15s
[1A[J114.4MiB / 450.7MiB [========>----------------------------] 25 % 2.5 MiB/s 2m15s
[1A[J114.9MiB / 450.7MiB [========>----------------------------] 25 % 2.5 MiB/s 2m14s
[1A[J115.5MiB / 450.7MiB [========>----------------------------] 26 % 2.5 MiB/s 2m13s
[1A[J115.9MiB / 450.7MiB [=========>---------------------------] 26 % 2.5 MiB/s 2m13s
[1A[J116.7MiB / 450.7MiB [=========>---------------------------] 26 % 2.5 MiB/s 2m13s
[1A[J116.9MiB / 450.7MiB [=========>---------------------------] 26 % 2.5 MiB/s 2m13s
[1A[J117.8MiB / 450.7MiB [=========>---------------------------] 26 % 2.5 MiB/s 2m11s
[1A[J118.0MiB / 450.7MiB [=========>---------------------------] 26 % 2.5 MiB/s 2m11s
[1A[J118.7MiB / 450.7MiB [=========>---------------------------] 26 % 2.5 MiB/s 2m11s
[1A[J119.2MiB / 450.7MiB [=========>---------------------------] 26 % 2.5 MiB/s 2m11s
[1A[J119.7MiB / 450.7MiB [=========>---------------------------] 27 % 2.5 MiB/s 2m10s
[1A[J120.3MiB / 450.7MiB [=========>----------------------------] 27 % 2.5 MiB/s 2m9s
[1A[J120.7MiB / 450.7MiB [=========>----------------------------] 27 % 2.5 MiB/s 2m9s
[1A[J121.5MiB / 450.7MiB [=========>----------------------------] 27 % 2.6 MiB/s 2m8s
[1A[J121.7MiB / 450.7MiB [=========>----------------------------] 27 % 2.6 MiB/s 2m8s
[1A[J122.6MiB / 450.7MiB [=========>----------------------------] 27 % 2.6 MiB/s 2m7s
[1A[J122.8MiB / 450.7MiB [=========>----------------------------] 27 % 2.6 MiB/s 2m7s
[1A[J123.6MiB / 450.7MiB [=========>----------------------------] 27 % 2.6 MiB/s 2m6s
[1A[J124.0MiB / 450.7MiB [=========>----------------------------] 28 % 2.6 MiB/s 2m6s
[1A[J124.6MiB / 450.7MiB [==========>---------------------------] 28 % 2.6 MiB/s 2m6s
[1A[J125.3MiB / 450.7MiB [==========>---------------------------] 28 % 2.6 MiB/s 2m5s
[1A[J125.7MiB / 450.7MiB [==========>---------------------------] 28 % 2.6 MiB/s 2m5s
[1A[J126.5MiB / 450.7MiB [==========>---------------------------] 28 % 2.6 MiB/s 2m4s
[1A[J126.7MiB / 450.7MiB [==========>---------------------------] 28 % 2.6 MiB/s 2m4s
[1A[J127.7MiB / 450.7MiB [==========>---------------------------] 28 % 2.6 MiB/s 2m3s
[1A[J127.9MiB / 450.7MiB [==========>---------------------------] 28 % 2.6 MiB/s 2m3s
[1A[J128.8MiB / 450.7MiB [==========>---------------------------] 29 % 2.6 MiB/s 2m2s
[1A[J129.2MiB / 450.7MiB [==========>---------------------------] 29 % 2.6 MiB/s 2m2s
[1A[J129.8MiB / 450.7MiB [==========>---------------------------] 29 % 2.6 MiB/s 2m1s
[1A[J130.5MiB / 450.7MiB [==========>---------------------------] 29 % 2.6 MiB/s 2m1s
[1A[J131.0MiB / 450.7MiB [==========>---------------------------] 29 % 2.6 MiB/s 2m1s
[1A[J131.8MiB / 450.7MiB [==========>---------------------------] 29 % 2.7 MiB/s 2m0s
[1A[J132.1MiB / 450.7MiB [==========>--------------------------] 29 % 2.7 MiB/s 1m59s
[1A[J133.1MiB / 450.7MiB [==========>--------------------------] 30 % 2.7 MiB/s 1m59s
[1A[J133.4MiB / 450.7MiB [==========>--------------------------] 30 % 2.7 MiB/s 1m59s
[1A[J134.3MiB / 450.7MiB [==========>--------------------------] 30 % 2.7 MiB/s 1m58s
[1A[J134.8MiB / 450.7MiB [==========>--------------------------] 30 % 2.7 MiB/s 1m57s
[1A[J135.5MiB / 450.7MiB [==========>--------------------------] 30 % 2.7 MiB/s 1m57s
[1A[J136.2MiB / 450.7MiB [==========>--------------------------] 30 % 2.7 MiB/s 1m56s
[1A[J136.7MiB / 450.7MiB [==========>--------------------------] 30 % 2.7 MiB/s 1m56s
[1A[J137.6MiB / 450.7MiB [==========>--------------------------] 31 % 2.7 MiB/s 1m55s
[1A[J137.9MiB / 450.7MiB [==========>--------------------------] 31 % 2.7 MiB/s 1m55s
[1A[J139.0MiB / 450.7MiB [==========>--------------------------] 31 % 2.7 MiB/s 1m54s
[1A[J139.3MiB / 450.7MiB [==========>--------------------------] 31 % 2.7 MiB/s 1m54s
[1A[J140.4MiB / 450.7MiB [===========>-------------------------] 31 % 2.7 MiB/s 1m53s
[1A[J140.8MiB / 450.7MiB [===========>-------------------------] 31 % 2.7 MiB/s 1m53s
[1A[J141.6MiB / 450.7MiB [===========>-------------------------] 31 % 2.8 MiB/s 1m52s
[1A[J142.4MiB / 450.7MiB [===========>-------------------------] 32 % 2.8 MiB/s 1m51s
[1A[J143.0MiB / 450.7MiB [===========>-------------------------] 32 % 2.8 MiB/s 1m51s
[1A[J143.9MiB / 450.7MiB [===========>-------------------------] 32 % 2.8 MiB/s 1m50s
[1A[J144.3MiB / 450.7MiB [===========>-------------------------] 32 % 2.8 MiB/s 1m50s
[1A[J145.5MiB / 450.7MiB [===========>-------------------------] 32 % 2.8 MiB/s 1m49s
[1A[J145.8MiB / 450.7MiB [===========>-------------------------] 32 % 2.8 MiB/s 1m49s
[1A[J147.0MiB / 450.7MiB [===========>-------------------------] 33 % 2.8 MiB/s 1m48s
[1A[J147.5MiB / 450.7MiB [===========>-------------------------] 33 % 2.8 MiB/s 1m47s
[1A[J148.4MiB / 450.7MiB [===========>-------------------------] 33 % 2.8 MiB/s 1m47s
[1A[J149.2MiB / 450.7MiB [===========>-------------------------] 33 % 2.8 MiB/s 1m46s
[1A[J149.9MiB / 450.7MiB [===========>-------------------------] 33 % 2.8 MiB/s 1m45s
[1A[J150.9MiB / 450.7MiB [===========>-------------------------] 33 % 2.9 MiB/s 1m44s
[1A[J151.4MiB / 450.7MiB [===========>-------------------------] 34 % 2.9 MiB/s 1m44s
[1A[J152.7MiB / 450.7MiB [============>------------------------] 34 % 2.9 MiB/s 1m43s
[1A[J153.0MiB / 450.7MiB [============>------------------------] 34 % 2.9 MiB/s 1m43s
[1A[J154.3MiB / 450.7MiB [============>------------------------] 34 % 2.9 MiB/s 1m42s
[1A[J154.9MiB / 450.7MiB [============>------------------------] 34 % 2.9 MiB/s 1m42s
[1A[J155.9MiB / 450.7MiB [============>------------------------] 35 % 2.9 MiB/s 1m41s
[1A[J156.9MiB / 450.7MiB [============>------------------------] 35 % 2.9 MiB/s 1m40s
[1A[J157.6MiB / 450.7MiB [============>------------------------] 35 % 2.9 MiB/s 1m40s
[1A[J158.8MiB / 450.7MiB [============>------------------------] 35 % 2.9 MiB/s 1m39s
[1A[J159.4MiB / 450.7MiB [============>------------------------] 35 % 2.9 MiB/s 1m38s
[1A[J160.7MiB / 450.7MiB [============>------------------------] 36 % 3.0 MiB/s 1m37s
[1A[J161.2MiB / 450.7MiB [============>------------------------] 36 % 3.0 MiB/s 1m37s
[1A[J162.5MiB / 450.7MiB [============>------------------------] 36 % 3.0 MiB/s 1m36s
[1A[J163.3MiB / 450.7MiB [============>------------------------] 36 % 3.0 MiB/s 1m36s
[1A[J164.4MiB / 450.7MiB [============>------------------------] 36 % 3.0 MiB/s 1m35s
[1A[J165.5MiB / 450.7MiB [=============>-----------------------] 37 % 3.0 MiB/s 1m34s
[1A[J166.3MiB / 450.7MiB [=============>-----------------------] 37 % 3.0 MiB/s 1m33s
[1A[J167.7MiB / 450.7MiB [=============>-----------------------] 37 % 3.0 MiB/s 1m32s
[1A[J168.4MiB / 450.7MiB [=============>-----------------------] 37 % 3.0 MiB/s 1m32s
[1A[J169.7MiB / 450.7MiB [=============>-----------------------] 38 % 3.1 MiB/s 1m31s
[1A[J170.4MiB / 450.7MiB [=============>-----------------------] 38 % 3.1 MiB/s 1m31s
[1A[J171.8MiB / 450.7MiB [=============>-----------------------] 38 % 3.1 MiB/s 1m30s
[1A[J172.8MiB / 450.7MiB [=============>-----------------------] 38 % 3.1 MiB/s 1m29s
[1A[J173.9MiB / 450.7MiB [=============>-----------------------] 39 % 3.1 MiB/s 1m28s
[1A[J175.3MiB / 450.7MiB [=============>-----------------------] 39 % 3.1 MiB/s 1m27s
[1A[J175.3MiB / 450.7MiB [=============>-----------------------] 39 % 3.1 MiB/s 1m28s
[1A[J175.3MiB / 450.7MiB [=============>-----------------------] 39 % 3.1 MiB/s 1m28s
[1A[J176.9MiB / 450.7MiB [==============>----------------------] 39 % 3.1 MiB/s 1m26s
[1A[J177.1MiB / 450.7MiB [==============>----------------------] 39 % 3.1 MiB/s 1m27s
[1A[J178.5MiB / 450.7MiB [==============>----------------------] 40 % 3.2 MiB/s 1m26s
[1A[J178.7MiB / 450.7MiB [==============>----------------------] 40 % 3.2 MiB/s 1m26s
[1A[J178.7MiB / 450.7MiB [==============>----------------------] 40 % 3.1 MiB/s 1m26s
[1A[J178.7MiB / 450.7MiB [==============>----------------------] 40 % 3.1 MiB/s 1m26s
[1A[J179.9MiB / 450.7MiB [==============>----------------------] 40 % 3.2 MiB/s 1m25s
[1A[J180.8MiB / 450.7MiB [==============>----------------------] 40 % 3.2 MiB/s 1m25s
[1A[J180.9MiB / 450.7MiB [==============>----------------------] 40 % 3.2 MiB/s 1m25s
[1A[J180.9MiB / 450.7MiB [==============>----------------------] 40 % 3.2 MiB/s 1m25s
[1A[J181.1MiB / 450.7MiB [==============>----------------------] 40 % 3.2 MiB/s 1m25s
[1A[J182.7MiB / 450.7MiB [==============>----------------------] 41 % 3.2 MiB/s 1m24s
[1A[J182.9MiB / 450.7MiB [==============>----------------------] 41 % 3.2 MiB/s 1m24s
[1A[J183.6MiB / 450.7MiB [==============>----------------------] 41 % 3.2 MiB/s 1m24s
[1A[J183.8MiB / 450.7MiB [==============>----------------------] 41 % 3.2 MiB/s 1m24s
[1A[J184.5MiB / 450.7MiB [==============>----------------------] 41 % 3.2 MiB/s 1m23s
[1A[J184.8MiB / 450.7MiB [==============>----------------------] 41 % 3.2 MiB/s 1m23s
[1A[J185.2MiB / 450.7MiB [==============>----------------------] 41 % 3.2 MiB/s 1m23s
[1A[J185.8MiB / 450.7MiB [==============>----------------------] 41 % 3.2 MiB/s 1m23s
[1A[J186.0MiB / 450.7MiB [==============>----------------------] 41 % 3.2 MiB/s 1m23s
[1A[J186.6MiB / 450.7MiB [==============>----------------------] 41 % 3.2 MiB/s 1m23s
[1A[J186.8MiB / 450.7MiB [==============>----------------------] 41 % 3.2 MiB/s 1m23s
[1A[J187.5MiB / 450.7MiB [==============>----------------------] 42 % 3.2 MiB/s 1m22s
[1A[J187.8MiB / 450.7MiB [==============>----------------------] 42 % 3.2 MiB/s 1m22s
[1A[J188.4MiB / 450.7MiB [==============>----------------------] 42 % 3.2 MiB/s 1m22s
[1A[J188.8MiB / 450.7MiB [==============>----------------------] 42 % 3.2 MiB/s 1m22s
[1A[J189.3MiB / 450.7MiB [===============>---------------------] 42 % 3.2 MiB/s 1m21s
[1A[J189.8MiB / 450.7MiB [===============>---------------------] 42 % 3.2 MiB/s 1m21s
[1A[J190.1MiB / 450.7MiB [===============>---------------------] 42 % 3.2 MiB/s 1m21s
[1A[J190.7MiB / 450.7MiB [===============>---------------------] 42 % 3.2 MiB/s 1m21s
[1A[J190.9MiB / 450.7MiB [===============>---------------------] 42 % 3.2 MiB/s 1m21s
[1A[J191.6MiB / 450.7MiB [===============>---------------------] 43 % 3.2 MiB/s 1m21s
[1A[J191.9MiB / 450.7MiB [===============>---------------------] 43 % 3.2 MiB/s 1m21s
[1A[J192.6MiB / 450.7MiB [===============>---------------------] 43 % 3.2 MiB/s 1m20s
[1A[J193.0MiB / 450.7MiB [===============>---------------------] 43 % 3.2 MiB/s 1m20s
[1A[J193.5MiB / 450.7MiB [===============>---------------------] 43 % 3.2 MiB/s 1m20s
[1A[J194.1MiB / 450.7MiB [===============>---------------------] 43 % 3.2 MiB/s 1m20s
[1A[J194.4MiB / 450.7MiB [===============>---------------------] 43 % 3.2 MiB/s 1m20s
[1A[J195.0MiB / 450.7MiB [===============>---------------------] 43 % 3.2 MiB/s 1m19s
[1A[J195.2MiB / 450.7MiB [===============>---------------------] 43 % 3.2 MiB/s 1m19s
[1A[J195.9MiB / 450.7MiB [===============>---------------------] 43 % 3.2 MiB/s 1m19s
[1A[J196.2MiB / 450.7MiB [===============>---------------------] 44 % 3.2 MiB/s 1m19s
[1A[J197.0MiB / 450.7MiB [===============>---------------------] 44 % 3.2 MiB/s 1m19s
[1A[J197.3MiB / 450.7MiB [===============>---------------------] 44 % 3.2 MiB/s 1m18s
[1A[J197.9MiB / 450.7MiB [===============>---------------------] 44 % 3.2 MiB/s 1m18s
[1A[J198.4MiB / 450.7MiB [===============>---------------------] 44 % 3.2 MiB/s 1m18s
[1A[J198.8MiB / 450.7MiB [===============>---------------------] 44 % 3.2 MiB/s 1m18s
[1A[J199.4MiB / 450.7MiB [===============>---------------------] 44 % 3.2 MiB/s 1m17s
[1A[J199.6MiB / 450.7MiB [===============>---------------------] 44 % 3.2 MiB/s 1m17s
[1A[J200.4MiB / 450.7MiB [===============>---------------------] 44 % 3.2 MiB/s 1m17s
[1A[J200.7MiB / 450.7MiB [===============>---------------------] 45 % 3.2 MiB/s 1m17s
[1A[J201.4MiB / 450.7MiB [================>--------------------] 45 % 3.2 MiB/s 1m17s
[1A[J201.8MiB / 450.7MiB [================>--------------------] 45 % 3.2 MiB/s 1m17s
[1A[J202.4MiB / 450.7MiB [================>--------------------] 45 % 3.2 MiB/s 1m16s
[1A[J202.9MiB / 450.7MiB [================>--------------------] 45 % 3.2 MiB/s 1m16s
[1A[J203.3MiB / 450.7MiB [================>--------------------] 45 % 3.2 MiB/s 1m16s
[1A[J203.9MiB / 450.7MiB [================>--------------------] 45 % 3.2 MiB/s 1m16s
[1A[J204.1MiB / 450.7MiB [================>--------------------] 45 % 3.2 MiB/s 1m16s
[1A[J204.8MiB / 450.7MiB [================>--------------------] 45 % 3.2 MiB/s 1m15s
[1A[J205.1MiB / 450.7MiB [================>--------------------] 46 % 3.2 MiB/s 1m15s
[1A[J205.9MiB / 450.7MiB [================>--------------------] 46 % 3.2 MiB/s 1m15s
[1A[J206.2MiB / 450.7MiB [================>--------------------] 46 % 3.2 MiB/s 1m15s
[1A[J206.9MiB / 450.7MiB [================>--------------------] 46 % 3.2 MiB/s 1m15s
[1A[J207.4MiB / 450.7MiB [================>--------------------] 46 % 3.2 MiB/s 1m15s
[1A[J207.8MiB / 450.7MiB [================>--------------------] 46 % 3.2 MiB/s 1m14s
[1A[J208.5MiB / 450.7MiB [================>--------------------] 46 % 3.3 MiB/s 1m14s
[1A[J208.6MiB / 450.7MiB [================>--------------------] 46 % 3.2 MiB/s 1m14s
[1A[J209.3MiB / 450.7MiB [================>--------------------] 46 % 3.3 MiB/s 1m14s
[1A[J209.6MiB / 450.7MiB [================>--------------------] 47 % 3.3 MiB/s 1m14s
[1A[J210.4MiB / 450.7MiB [================>--------------------] 47 % 3.3 MiB/s 1m13s
[1A[J210.7MiB / 450.7MiB [================>--------------------] 47 % 3.3 MiB/s 1m13s
[1A[J211.4MiB / 450.7MiB [================>--------------------] 47 % 3.3 MiB/s 1m13s
[1A[J211.8MiB / 450.7MiB [================>--------------------] 47 % 3.3 MiB/s 1m13s
[1A[J212.3MiB / 450.7MiB [================>--------------------] 47 % 3.3 MiB/s 1m13s
[1A[J212.9MiB / 450.7MiB [================>--------------------] 47 % 3.3 MiB/s 1m12s
[1A[J213.1MiB / 450.7MiB [================>--------------------] 47 % 3.3 MiB/s 1m12s
[1A[J213.8MiB / 450.7MiB [=================>-------------------] 47 % 3.3 MiB/s 1m12s
[1A[J214.1MiB / 450.7MiB [=================>-------------------] 48 % 3.3 MiB/s 1m12s
[1A[J214.9MiB / 450.7MiB [=================>-------------------] 48 % 3.3 MiB/s 1m11s
[1A[J215.2MiB / 450.7MiB [=================>-------------------] 48 % 3.3 MiB/s 1m11s
[1A[J215.9MiB / 450.7MiB [=================>-------------------] 48 % 3.3 MiB/s 1m11s
[1A[J216.3MiB / 450.7MiB [=================>-------------------] 48 % 3.3 MiB/s 1m11s
[1A[J216.8MiB / 450.7MiB [=================>-------------------] 48 % 3.3 MiB/s 1m11s
[1A[J217.4MiB / 450.7MiB [=================>-------------------] 48 % 3.3 MiB/s 1m11s
[1A[J217.7MiB / 450.7MiB [=================>-------------------] 48 % 3.3 MiB/s 1m11s
[1A[J218.3MiB / 450.7MiB [=================>-------------------] 48 % 3.3 MiB/s 1m10s
[1A[J218.6MiB / 450.7MiB [=================>-------------------] 48 % 3.3 MiB/s 1m10s
[1A[J219.4MiB / 450.7MiB [=================>-------------------] 49 % 3.3 MiB/s 1m10s
[1A[J219.7MiB / 450.7MiB [=================>-------------------] 49 % 3.3 MiB/s 1m10s
[1A[J220.4MiB / 450.7MiB [=================>-------------------] 49 % 3.3 MiB/s 1m10s
[1A[J220.8MiB / 450.7MiB [==================>-------------------] 49 % 3.3 MiB/s 1m9s
[1A[J221.3MiB / 450.7MiB [==================>-------------------] 49 % 3.3 MiB/s 1m9s
[1A[J221.9MiB / 450.7MiB [==================>-------------------] 49 % 3.3 MiB/s 1m9s
[1A[J222.2MiB / 450.7MiB [==================>-------------------] 49 % 3.3 MiB/s 1m9s
[1A[J222.9MiB / 450.7MiB [==================>-------------------] 49 % 3.3 MiB/s 1m9s
[1A[J223.1MiB / 450.7MiB [==================>-------------------] 49 % 3.3 MiB/s 1m8s
[1A[J223.9MiB / 450.7MiB [==================>-------------------] 50 % 3.3 MiB/s 1m8s
[1A[J224.2MiB / 450.7MiB [==================>-------------------] 50 % 3.3 MiB/s 1m8s
[1A[J225.0MiB / 450.7MiB [==================>-------------------] 50 % 3.3 MiB/s 1m8s
[1A[J225.3MiB / 450.7MiB [==================>-------------------] 50 % 3.3 MiB/s 1m8s
[1A[J225.9MiB / 450.7MiB [==================>-------------------] 50 % 3.3 MiB/s 1m7s
[1A[J226.5MiB / 450.7MiB [==================>-------------------] 50 % 3.3 MiB/s 1m7s
[1A[J226.7MiB / 450.7MiB [==================>-------------------] 50 % 3.3 MiB/s 1m7s
[1A[J227.4MiB / 450.7MiB [==================>-------------------] 50 % 3.3 MiB/s 1m7s
[1A[J227.7MiB / 450.7MiB [==================>-------------------] 51 % 3.3 MiB/s 1m7s
[1A[J228.5MiB / 450.7MiB [==================>-------------------] 51 % 3.3 MiB/s 1m7s
[1A[J228.8MiB / 450.7MiB [==================>-------------------] 51 % 3.3 MiB/s 1m7s
[1A[J229.6MiB / 450.7MiB [==================>-------------------] 51 % 3.3 MiB/s 1m6s
[1A[J229.9MiB / 450.7MiB [==================>-------------------] 51 % 3.3 MiB/s 1m6s
[1A[J230.5MiB / 450.7MiB [==================>-------------------] 51 % 3.3 MiB/s 1m6s
[1A[J231.1MiB / 450.7MiB [==================>-------------------] 51 % 3.3 MiB/s 1m6s
[1A[J231.4MiB / 450.7MiB [===================>------------------] 51 % 3.3 MiB/s 1m5s
[1A[J232.1MiB / 450.7MiB [===================>------------------] 52 % 3.3 MiB/s 1m5s
[1A[J232.3MiB / 450.7MiB [===================>------------------] 52 % 3.3 MiB/s 1m5s
[1A[J233.2MiB / 450.7MiB [===================>------------------] 52 % 3.3 MiB/s 1m5s
[1A[J233.5MiB / 450.7MiB [===================>------------------] 52 % 3.3 MiB/s 1m5s
[1A[J234.3MiB / 450.7MiB [===================>------------------] 52 % 3.3 MiB/s 1m4s
[1A[J234.7MiB / 450.7MiB [===================>------------------] 52 % 3.3 MiB/s 1m4s
[1A[J235.3MiB / 450.7MiB [===================>------------------] 52 % 3.3 MiB/s 1m4s
[1A[J235.9MiB / 450.7MiB [===================>------------------] 52 % 3.3 MiB/s 1m4s
[1A[J236.2MiB / 450.7MiB [===================>------------------] 52 % 3.3 MiB/s 1m4s
[1A[J237.0MiB / 450.7MiB [===================>------------------] 53 % 3.3 MiB/s 1m3s
[1A[J237.2MiB / 450.7MiB [===================>------------------] 53 % 3.3 MiB/s 1m3s
[1A[J238.0MiB / 450.7MiB [===================>------------------] 53 % 3.4 MiB/s 1m3s
[1A[J238.4MiB / 450.7MiB [===================>------------------] 53 % 3.3 MiB/s 1m3s
[1A[J239.2MiB / 450.7MiB [===================>------------------] 53 % 3.4 MiB/s 1m2s
[1A[J239.6MiB / 450.7MiB [===================>------------------] 53 % 3.4 MiB/s 1m2s
[1A[J240.3MiB / 450.7MiB [===================>------------------] 53 % 3.4 MiB/s 1m2s
[1A[J240.9MiB / 450.7MiB [===================>------------------] 53 % 3.4 MiB/s 1m2s
[1A[J241.3MiB / 450.7MiB [===================>------------------] 54 % 3.4 MiB/s 1m2s
[1A[J242.1MiB / 450.7MiB [===================>------------------] 54 % 3.4 MiB/s 1m1s
[1A[J242.3MiB / 450.7MiB [===================>------------------] 54 % 3.4 MiB/s 1m1s
[1A[J243.2MiB / 450.7MiB [====================>-----------------] 54 % 3.4 MiB/s 1m1s
[1A[J243.5MiB / 450.7MiB [====================>-----------------] 54 % 3.4 MiB/s 1m1s
[1A[J244.4MiB / 450.7MiB [====================>-----------------] 54 % 3.4 MiB/s 1m0s
[1A[J244.9MiB / 450.7MiB [====================>-----------------] 54 % 3.4 MiB/s 1m0s
[1A[J245.6MiB / 450.7MiB [====================>-----------------] 54 % 3.4 MiB/s 1m0s
[1A[J246.2MiB / 450.7MiB [====================>-----------------] 55 % 3.4 MiB/s 1m0s
[1A[J246.6MiB / 450.7MiB [====================>-----------------] 55 % 3.4 MiB/s 1m0s
[1A[J247.5MiB / 450.7MiB [====================>------------------] 55 % 3.4 MiB/s 59s
[1A[J247.7MiB / 450.7MiB [====================>------------------] 55 % 3.4 MiB/s 59s
[1A[J248.7MiB / 450.7MiB [=====================>-----------------] 55 % 3.4 MiB/s 59s
[1A[J249.0MiB / 450.7MiB [=====================>-----------------] 55 % 3.4 MiB/s 59s
[1A[J250.0MiB / 450.7MiB [=====================>-----------------] 55 % 3.4 MiB/s 58s
[1A[J250.5MiB / 450.7MiB [=====================>-----------------] 56 % 3.4 MiB/s 58s
[1A[J251.2MiB / 450.7MiB [=====================>-----------------] 56 % 3.4 MiB/s 58s
[1A[J251.9MiB / 450.7MiB [=====================>-----------------] 56 % 3.4 MiB/s 58s
[1A[J252.4MiB / 450.7MiB [=====================>-----------------] 56 % 3.4 MiB/s 58s
[1A[J253.4MiB / 450.7MiB [=====================>-----------------] 56 % 3.4 MiB/s 57s
[1A[J253.6MiB / 450.7MiB [=====================>-----------------] 56 % 3.4 MiB/s 57s
[1A[J254.7MiB / 450.7MiB [=====================>-----------------] 57 % 3.4 MiB/s 57s
[1A[J255.0MiB / 450.7MiB [=====================>-----------------] 57 % 3.4 MiB/s 57s
[1A[J256.1MiB / 450.7MiB [=====================>-----------------] 57 % 3.4 MiB/s 56s
[1A[J256.6MiB / 450.7MiB [=====================>-----------------] 57 % 3.4 MiB/s 56s
[1A[J257.4MiB / 450.7MiB [=====================>-----------------] 57 % 3.4 MiB/s 56s
[1A[J258.2MiB / 450.7MiB [=====================>-----------------] 57 % 3.4 MiB/s 55s
[1A[J258.7MiB / 450.7MiB [=====================>-----------------] 57 % 3.4 MiB/s 55s
[1A[J259.9MiB / 450.7MiB [=====================>-----------------] 58 % 3.5 MiB/s 55s
[1A[J260.1MiB / 450.7MiB [======================>----------------] 58 % 3.5 MiB/s 55s
[1A[J261.3MiB / 450.7MiB [======================>----------------] 58 % 3.5 MiB/s 54s
[1A[J261.7MiB / 450.7MiB [======================>----------------] 58 % 3.5 MiB/s 54s
[1A[J262.8MiB / 450.7MiB [======================>----------------] 58 % 3.5 MiB/s 53s
[1A[J263.4MiB / 450.7MiB [======================>----------------] 58 % 3.5 MiB/s 53s
[1A[J264.3MiB / 450.7MiB [======================>----------------] 59 % 3.5 MiB/s 53s
[1A[J265.2MiB / 450.7MiB [======================>----------------] 59 % 3.5 MiB/s 53s
[1A[J265.8MiB / 450.7MiB [======================>----------------] 59 % 3.5 MiB/s 52s
[1A[J267.0MiB / 450.7MiB [======================>----------------] 59 % 3.5 MiB/s 52s
[1A[J267.3MiB / 450.7MiB [======================>----------------] 59 % 3.5 MiB/s 52s
[1A[J268.6MiB / 450.7MiB [======================>----------------] 60 % 3.5 MiB/s 51s
[1A[J269.0MiB / 450.7MiB [======================>----------------] 60 % 3.5 MiB/s 51s
[1A[J270.2MiB / 450.7MiB [======================>----------------] 60 % 3.5 MiB/s 51s
[1A[J271.0MiB / 450.7MiB [======================>----------------] 60 % 3.5 MiB/s 50s
[1A[J271.9MiB / 450.7MiB [=======================>---------------] 60 % 3.5 MiB/s 50s
[1A[J273.0MiB / 450.7MiB [=======================>---------------] 61 % 3.5 MiB/s 50s
[1A[J273.6MiB / 450.7MiB [=======================>---------------] 61 % 3.5 MiB/s 49s
[1A[J275.0MiB / 450.7MiB [=======================>---------------] 61 % 3.6 MiB/s 49s
[1A[J275.4MiB / 450.7MiB [=======================>---------------] 61 % 3.6 MiB/s 49s
[1A[J276.7MiB / 450.7MiB [=======================>---------------] 61 % 3.6 MiB/s 48s
[1A[J277.3MiB / 450.7MiB [=======================>---------------] 62 % 3.6 MiB/s 48s
[1A[J278.6MiB / 450.7MiB [=======================>---------------] 62 % 3.6 MiB/s 48s
[1A[J279.6MiB / 450.7MiB [=======================>---------------] 62 % 3.6 MiB/s 47s
[1A[J280.5MiB / 450.7MiB [=======================>---------------] 62 % 3.6 MiB/s 47s
[1A[J281.8MiB / 450.7MiB [=======================>---------------] 63 % 3.6 MiB/s 46s
[1A[J282.5MiB / 450.7MiB [=======================>---------------] 63 % 3.6 MiB/s 46s
[1A[J283.7MiB / 450.7MiB [========================>--------------] 63 % 3.6 MiB/s 46s
[1A[J283.7MiB / 450.7MiB [========================>--------------] 63 % 3.6 MiB/s 46s
[1A[J283.7MiB / 450.7MiB [========================>--------------] 63 % 3.6 MiB/s 46s
[1A[J286.6MiB / 450.7MiB [========================>--------------] 64 % 3.6 MiB/s 45s
[1A[J286.7MiB / 450.7MiB [========================>--------------] 64 % 3.6 MiB/s 45s
[1A[J286.8MiB / 450.7MiB [========================>--------------] 64 % 3.6 MiB/s 45s
[1A[J286.8MiB / 450.7MiB [========================>--------------] 64 % 3.6 MiB/s 45s
[1A[J286.8MiB / 450.7MiB [========================>--------------] 64 % 3.6 MiB/s 45s
[1A[J287.2MiB / 450.7MiB [========================>--------------] 64 % 3.6 MiB/s 45s
[1A[J287.2MiB / 450.7MiB [========================>--------------] 64 % 3.6 MiB/s 45s
[1A[J287.7MiB / 450.7MiB [========================>--------------] 64 % 3.6 MiB/s 45s
[1A[J287.7MiB / 450.7MiB [========================>--------------] 64 % 3.6 MiB/s 45s
[1A[J287.7MiB / 450.7MiB [========================>--------------] 64 % 3.6 MiB/s 45s
[1A[J288.2MiB / 450.7MiB [========================>--------------] 64 % 3.6 MiB/s 44s
[1A[J288.2MiB / 450.7MiB [========================>--------------] 64 % 3.6 MiB/s 45s
[1A[J290.0MiB / 450.7MiB [========================>--------------] 64 % 3.6 MiB/s 44s
[1A[J290.0MiB / 450.7MiB [========================>--------------] 64 % 3.6 MiB/s 44s
[1A[J290.8MiB / 450.7MiB [========================>--------------] 65 % 3.6 MiB/s 44s
[1A[J290.8MiB / 450.7MiB [========================>--------------] 65 % 3.6 MiB/s 44s
[1A[J291.6MiB / 450.7MiB [========================>--------------] 65 % 3.6 MiB/s 44s
[1A[J291.7MiB / 450.7MiB [========================>--------------] 65 % 3.6 MiB/s 44s
[1A[J292.2MiB / 450.7MiB [========================>--------------] 65 % 3.6 MiB/s 43s
[1A[J292.6MiB / 450.7MiB [========================>--------------] 65 % 3.6 MiB/s 43s
[1A[J292.8MiB / 450.7MiB [========================>--------------] 65 % 3.6 MiB/s 43s
[1A[J293.5MiB / 450.7MiB [========================>--------------] 65 % 3.6 MiB/s 43s
[1A[J293.5MiB / 450.7MiB [========================>--------------] 65 % 3.6 MiB/s 43s
[1A[J294.4MiB / 450.7MiB [========================>--------------] 65 % 3.6 MiB/s 43s
[1A[J294.4MiB / 450.7MiB [========================>--------------] 65 % 3.6 MiB/s 43s
[1A[J295.2MiB / 450.7MiB [=========================>-------------] 66 % 3.6 MiB/s 43s
[1A[J295.3MiB / 450.7MiB [=========================>-------------] 66 % 3.6 MiB/s 43s
[1A[J295.9MiB / 450.7MiB [=========================>-------------] 66 % 3.6 MiB/s 42s
[1A[J296.3MiB / 450.7MiB [=========================>-------------] 66 % 3.6 MiB/s 42s
[1A[J296.5MiB / 450.7MiB [=========================>-------------] 66 % 3.6 MiB/s 42s
[1A[J297.2MiB / 450.7MiB [=========================>-------------] 66 % 3.6 MiB/s 42s
[1A[J297.2MiB / 450.7MiB [=========================>-------------] 66 % 3.6 MiB/s 42s
[1A[J298.2MiB / 450.7MiB [=========================>-------------] 66 % 3.6 MiB/s 42s
[1A[J298.2MiB / 450.7MiB [=========================>-------------] 66 % 3.6 MiB/s 42s
[1A[J299.1MiB / 450.7MiB [=========================>-------------] 66 % 3.6 MiB/s 41s
[1A[J299.2MiB / 450.7MiB [=========================>-------------] 66 % 3.6 MiB/s 41s
[1A[J299.7MiB / 450.7MiB [=========================>-------------] 67 % 3.6 MiB/s 41s
[1A[J300.1MiB / 450.7MiB [=========================>-------------] 67 % 3.6 MiB/s 41s
[1A[J300.4MiB / 450.7MiB [=========================>-------------] 67 % 3.6 MiB/s 41s
[1A[J301.1MiB / 450.7MiB [=========================>-------------] 67 % 3.6 MiB/s 41s
[1A[J301.1MiB / 450.7MiB [=========================>-------------] 67 % 3.6 MiB/s 41s
[1A[J302.1MiB / 450.7MiB [=========================>-------------] 67 % 3.6 MiB/s 41s
[1A[J302.1MiB / 450.7MiB [=========================>-------------] 67 % 3.6 MiB/s 41s
[1A[J303.0MiB / 450.7MiB [=========================>-------------] 67 % 3.6 MiB/s 40s
[1A[J303.1MiB / 450.7MiB [=========================>-------------] 67 % 3.6 MiB/s 40s
[1A[J303.7MiB / 450.7MiB [=========================>-------------] 67 % 3.6 MiB/s 40s
[1A[J304.1MiB / 450.7MiB [=========================>-------------] 67 % 3.6 MiB/s 40s
[1A[J304.5MiB / 450.7MiB [=========================>-------------] 68 % 3.6 MiB/s 40s
[1A[J305.1MiB / 450.7MiB [=========================>-------------] 68 % 3.6 MiB/s 40s
[1A[J305.2MiB / 450.7MiB [=========================>-------------] 68 % 3.6 MiB/s 40s
[1A[J306.2MiB / 450.7MiB [=========================>-------------] 68 % 3.6 MiB/s 40s
[1A[J306.2MiB / 450.7MiB [=========================>-------------] 68 % 3.6 MiB/s 40s
[1A[J307.1MiB / 450.7MiB [==========================>------------] 68 % 3.6 MiB/s 39s
[1A[J307.2MiB / 450.7MiB [==========================>------------] 68 % 3.6 MiB/s 39s
[1A[J307.8MiB / 450.7MiB [==========================>------------] 68 % 3.6 MiB/s 39s
[1A[J308.2MiB / 450.7MiB [==========================>------------] 68 % 3.6 MiB/s 39s
[1A[J308.6MiB / 450.7MiB [==========================>------------] 68 % 3.6 MiB/s 39s
[1A[J309.2MiB / 450.7MiB [==========================>------------] 69 % 3.6 MiB/s 39s
[1A[J309.3MiB / 450.7MiB [==========================>------------] 69 % 3.6 MiB/s 39s
[1A[J310.2MiB / 450.7MiB [==========================>------------] 69 % 3.6 MiB/s 38s
[1A[J310.3MiB / 450.7MiB [==========================>------------] 69 % 3.6 MiB/s 38s
[1A[J311.2MiB / 450.7MiB [==========================>------------] 69 % 3.6 MiB/s 38s
[1A[J311.3MiB / 450.7MiB [==========================>------------] 69 % 3.6 MiB/s 38s
[1A[J311.9MiB / 450.7MiB [==========================>------------] 69 % 3.6 MiB/s 38s
[1A[J312.3MiB / 450.7MiB [==========================>------------] 69 % 3.6 MiB/s 38s
[1A[J312.7MiB / 450.7MiB [==========================>------------] 69 % 3.6 MiB/s 38s
[1A[J313.3MiB / 450.7MiB [==========================>------------] 70 % 3.6 MiB/s 38s
[1A[J313.5MiB / 450.7MiB [==========================>------------] 70 % 3.6 MiB/s 37s
[1A[J314.4MiB / 450.7MiB [==========================>------------] 70 % 3.6 MiB/s 37s
[1A[J314.4MiB / 450.7MiB [==========================>------------] 70 % 3.6 MiB/s 37s
[1A[J315.4MiB / 450.7MiB [==========================>------------] 70 % 3.6 MiB/s 37s
[1A[J315.4MiB / 450.7MiB [==========================>------------] 70 % 3.6 MiB/s 37s
[1A[J316.1MiB / 450.7MiB [==========================>------------] 70 % 3.6 MiB/s 37s
[1A[J316.4MiB / 450.7MiB [==========================>------------] 70 % 3.6 MiB/s 37s
[1A[J316.8MiB / 450.7MiB [==========================>------------] 70 % 3.6 MiB/s 37s
[1A[J317.4MiB / 450.7MiB [==========================>------------] 70 % 3.6 MiB/s 36s
[1A[J317.6MiB / 450.7MiB [==========================>------------] 70 % 3.6 MiB/s 36s
[1A[J318.5MiB / 450.7MiB [===========================>-----------] 71 % 3.6 MiB/s 36s
[1A[J318.5MiB / 450.7MiB [===========================>-----------] 71 % 3.6 MiB/s 36s
[1A[J319.5MiB / 450.7MiB [===========================>-----------] 71 % 3.6 MiB/s 36s
[1A[J319.5MiB / 450.7MiB [===========================>-----------] 71 % 3.6 MiB/s 36s
[1A[J320.2MiB / 450.7MiB [===========================>-----------] 71 % 3.6 MiB/s 35s
[1A[J320.5MiB / 450.7MiB [===========================>-----------] 71 % 3.6 MiB/s 35s
[1A[J321.0MiB / 450.7MiB [===========================>-----------] 71 % 3.6 MiB/s 35s
[1A[J321.6MiB / 450.7MiB [===========================>-----------] 71 % 3.6 MiB/s 35s
[1A[J321.7MiB / 450.7MiB [===========================>-----------] 71 % 3.6 MiB/s 35s
[1A[J322.6MiB / 450.7MiB [===========================>-----------] 72 % 3.6 MiB/s 35s
[1A[J322.6MiB / 450.7MiB [===========================>-----------] 72 % 3.6 MiB/s 35s
[1A[J323.6MiB / 450.7MiB [===========================>-----------] 72 % 3.6 MiB/s 35s
[1A[J323.6MiB / 450.7MiB [===========================>-----------] 72 % 3.6 MiB/s 35s
[1A[J324.4MiB / 450.7MiB [===========================>-----------] 72 % 3.6 MiB/s 34s
[1A[J324.7MiB / 450.7MiB [===========================>-----------] 72 % 3.6 MiB/s 34s
[1A[J325.1MiB / 450.7MiB [===========================>-----------] 72 % 3.6 MiB/s 34s
[1A[J325.7MiB / 450.7MiB [===========================>-----------] 72 % 3.6 MiB/s 34s
[1A[J325.9MiB / 450.7MiB [===========================>-----------] 72 % 3.6 MiB/s 34s
[1A[J326.7MiB / 450.7MiB [===========================>-----------] 72 % 3.6 MiB/s 34s
[1A[J326.8MiB / 450.7MiB [===========================>-----------] 73 % 3.6 MiB/s 34s
[1A[J327.7MiB / 450.7MiB [===========================>-----------] 73 % 3.6 MiB/s 33s
[1A[J327.8MiB / 450.7MiB [===========================>-----------] 73 % 3.6 MiB/s 33s
[1A[J328.6MiB / 450.7MiB [===========================>-----------] 73 % 3.6 MiB/s 33s
[1A[J328.8MiB / 450.7MiB [===========================>-----------] 73 % 3.6 MiB/s 33s
[1A[J329.3MiB / 450.7MiB [===========================>-----------] 73 % 3.6 MiB/s 33s
[1A[J329.9MiB / 450.7MiB [============================>----------] 73 % 3.6 MiB/s 33s
[1A[J330.1MiB / 450.7MiB [============================>----------] 73 % 3.6 MiB/s 33s
[1A[J330.9MiB / 450.7MiB [============================>----------] 73 % 3.6 MiB/s 33s
[1A[J330.9MiB / 450.7MiB [============================>----------] 73 % 3.6 MiB/s 33s
[1A[J332.0MiB / 450.7MiB [============================>----------] 74 % 3.6 MiB/s 32s
[1A[J332.0MiB / 450.7MiB [============================>----------] 74 % 3.6 MiB/s 32s
[1A[J332.8MiB / 450.7MiB [============================>----------] 74 % 3.6 MiB/s 32s
[1A[J333.0MiB / 450.7MiB [============================>----------] 74 % 3.6 MiB/s 32s
[1A[J333.6MiB / 450.7MiB [============================>----------] 74 % 3.6 MiB/s 32s
[1A[J334.1MiB / 450.7MiB [============================>----------] 74 % 3.6 MiB/s 32s
[1A[J334.4MiB / 450.7MiB [============================>----------] 74 % 3.6 MiB/s 32s
[1A[J335.2MiB / 450.7MiB [============================>----------] 74 % 3.6 MiB/s 31s
[1A[J335.2MiB / 450.7MiB [============================>----------] 74 % 3.6 MiB/s 31s
[1A[J336.3MiB / 450.7MiB [============================>----------] 75 % 3.6 MiB/s 31s
[1A[J336.3MiB / 450.7MiB [============================>----------] 75 % 3.6 MiB/s 31s
[1A[J337.1MiB / 450.7MiB [============================>----------] 75 % 3.6 MiB/s 31s
[1A[J337.4MiB / 450.7MiB [============================>----------] 75 % 3.6 MiB/s 31s
[1A[J337.9MiB / 450.7MiB [============================>----------] 75 % 3.6 MiB/s 30s
[1A[J338.5MiB / 450.7MiB [============================>----------] 75 % 3.6 MiB/s 30s
[1A[J338.8MiB / 450.7MiB [============================>----------] 75 % 3.6 MiB/s 30s
[1A[J339.6MiB / 450.7MiB [============================>----------] 75 % 3.6 MiB/s 30s
[1A[J339.7MiB / 450.7MiB [============================>----------] 75 % 3.6 MiB/s 30s
[1A[J340.8MiB / 450.7MiB [============================>----------] 76 % 3.6 MiB/s 30s
[1A[J340.8MiB / 450.7MiB [============================>----------] 76 % 3.6 MiB/s 30s
[1A[J341.6MiB / 450.7MiB [=============================>---------] 76 % 3.6 MiB/s 29s
[1A[J342.0MiB / 450.7MiB [=============================>---------] 76 % 3.6 MiB/s 29s
[1A[J342.5MiB / 450.7MiB [=============================>---------] 76 % 3.6 MiB/s 29s
[1A[J343.1MiB / 450.7MiB [=============================>---------] 76 % 3.6 MiB/s 29s
[1A[J343.4MiB / 450.7MiB [=============================>---------] 76 % 3.6 MiB/s 29s
[1A[J344.3MiB / 450.7MiB [=============================>---------] 76 % 3.6 MiB/s 29s
[1A[J344.4MiB / 450.7MiB [=============================>---------] 76 % 3.6 MiB/s 29s
[1A[J345.5MiB / 450.7MiB [=============================>---------] 77 % 3.6 MiB/s 28s
[1A[J345.6MiB / 450.7MiB [=============================>---------] 77 % 3.6 MiB/s 28s
[1A[J346.5MiB / 450.7MiB [=============================>---------] 77 % 3.7 MiB/s 28s
[1A[J346.8MiB / 450.7MiB [=============================>---------] 77 % 3.6 MiB/s 28s
[1A[J347.4MiB / 450.7MiB [=============================>---------] 77 % 3.7 MiB/s 28s
[1A[J348.1MiB / 450.7MiB [=============================>---------] 77 % 3.7 MiB/s 28s
[1A[J348.4MiB / 450.7MiB [=============================>---------] 77 % 3.7 MiB/s 27s
[1A[J349.4MiB / 450.7MiB [=============================>---------] 78 % 3.7 MiB/s 27s
[1A[J349.5MiB / 450.7MiB [=============================>---------] 78 % 3.7 MiB/s 27s
[1A[J350.7MiB / 450.7MiB [=============================>---------] 78 % 3.7 MiB/s 27s
[1A[J350.7MiB / 450.7MiB [=============================>---------] 78 % 3.7 MiB/s 27s
[1A[J351.7MiB / 450.7MiB [=============================>---------] 78 % 3.7 MiB/s 26s
[1A[J352.1MiB / 450.7MiB [=============================>---------] 78 % 3.7 MiB/s 26s
[1A[J352.8MiB / 450.7MiB [==============================>--------] 78 % 3.7 MiB/s 26s
[1A[J353.4MiB / 450.7MiB [==============================>--------] 78 % 3.7 MiB/s 26s
[1A[J353.8MiB / 450.7MiB [==============================>--------] 79 % 3.7 MiB/s 26s
[1A[J354.8MiB / 450.7MiB [==============================>--------] 79 % 3.7 MiB/s 26s
[1A[J355.0MiB / 450.7MiB [==============================>--------] 79 % 3.7 MiB/s 26s
[1A[J356.3MiB / 450.7MiB [==============================>--------] 79 % 3.7 MiB/s 25s
[1A[J356.3MiB / 450.7MiB [==============================>--------] 79 % 3.7 MiB/s 25s
[1A[J357.4MiB / 450.7MiB [==============================>--------] 79 % 3.7 MiB/s 25s
[1A[J357.7MiB / 450.7MiB [==============================>--------] 79 % 3.7 MiB/s 25s
[1A[J357.7MiB / 450.7MiB [==============================>--------] 79 % 3.7 MiB/s 25s
[1A[J357.8MiB / 450.7MiB [==============================>--------] 79 % 3.7 MiB/s 25s
[1A[J359.4MiB / 450.7MiB [==============================>--------] 80 % 3.7 MiB/s 24s
[1A[J359.4MiB / 450.7MiB [==============================>--------] 80 % 3.7 MiB/s 24s
[1A[J359.4MiB / 450.7MiB [==============================>--------] 80 % 3.7 MiB/s 24s
[1A[J360.9MiB / 450.7MiB [==============================>--------] 80 % 3.7 MiB/s 24s
[1A[J361.0MiB / 450.7MiB [==============================>--------] 80 % 3.7 MiB/s 24s
[1A[J361.5MiB / 450.7MiB [==============================>--------] 80 % 3.7 MiB/s 24s
[1A[J361.8MiB / 450.7MiB [==============================>--------] 80 % 3.7 MiB/s 24s
[1A[J362.2MiB / 450.7MiB [==============================>--------] 80 % 3.7 MiB/s 24s
[1A[J362.6MiB / 450.7MiB [==============================>--------] 80 % 3.7 MiB/s 23s
[1A[J362.8MiB / 450.7MiB [==============================>--------] 80 % 3.7 MiB/s 23s
[1A[J363.3MiB / 450.7MiB [==============================>--------] 81 % 3.7 MiB/s 23s
[1A[J363.4MiB / 450.7MiB [==============================>--------] 81 % 3.7 MiB/s 23s
[1A[J364.1MiB / 450.7MiB [===============================>-------] 81 % 3.7 MiB/s 23s
[1A[J364.2MiB / 450.7MiB [===============================>-------] 81 % 3.7 MiB/s 23s
[1A[J364.7MiB / 450.7MiB [===============================>-------] 81 % 3.7 MiB/s 23s
[1A[J365.0MiB / 450.7MiB [===============================>-------] 81 % 3.7 MiB/s 23s
[1A[J365.4MiB / 450.7MiB [===============================>-------] 81 % 3.7 MiB/s 23s
[1A[J365.8MiB / 450.7MiB [===============================>-------] 81 % 3.7 MiB/s 23s
[1A[J366.0MiB / 450.7MiB [===============================>-------] 81 % 3.7 MiB/s 23s
[1A[J366.7MiB / 450.7MiB [===============================>-------] 81 % 3.7 MiB/s 22s
[1A[J366.7MiB / 450.7MiB [===============================>-------] 81 % 3.7 MiB/s 22s
[1A[J367.5MiB / 450.7MiB [===============================>-------] 82 % 3.7 MiB/s 22s
[1A[J367.5MiB / 450.7MiB [===============================>-------] 82 % 3.7 MiB/s 22s
[1A[J368.1MiB / 450.7MiB [===============================>-------] 82 % 3.7 MiB/s 22s
[1A[J368.4MiB / 450.7MiB [===============================>-------] 82 % 3.7 MiB/s 22s
[1A[J368.9MiB / 450.7MiB [===============================>-------] 82 % 3.7 MiB/s 22s
[1A[J369.3MiB / 450.7MiB [===============================>-------] 82 % 3.7 MiB/s 22s
[1A[J369.5MiB / 450.7MiB [===============================>-------] 82 % 3.7 MiB/s 22s
[1A[J370.1MiB / 450.7MiB [===============================>-------] 82 % 3.7 MiB/s 21s
[1A[J370.2MiB / 450.7MiB [===============================>-------] 82 % 3.7 MiB/s 21s
[1A[J371.0MiB / 450.7MiB [===============================>-------] 82 % 3.7 MiB/s 21s
[1A[J371.0MiB / 450.7MiB [===============================>-------] 82 % 3.7 MiB/s 21s
[1A[J371.7MiB / 450.7MiB [===============================>-------] 82 % 3.7 MiB/s 21s
[1A[J371.9MiB / 450.7MiB [===============================>-------] 83 % 3.7 MiB/s 21s
[1A[J372.4MiB / 450.7MiB [===============================>-------] 83 % 3.7 MiB/s 21s
[1A[J372.8MiB / 450.7MiB [===============================>-------] 83 % 3.7 MiB/s 21s
[1A[J373.1MiB / 450.7MiB [===============================>-------] 83 % 3.7 MiB/s 21s
[1A[J373.7MiB / 450.7MiB [===============================>-------] 83 % 3.7 MiB/s 20s
[1A[J373.9MiB / 450.7MiB [===============================>-------] 83 % 3.7 MiB/s 21s
[1A[J374.6MiB / 450.7MiB [===============================>-------] 83 % 3.7 MiB/s 20s
[1A[J374.6MiB / 450.7MiB [===============================>-------] 83 % 3.7 MiB/s 20s
[1A[J375.3MiB / 450.7MiB [===============================>-------] 83 % 3.7 MiB/s 20s
[1A[J375.5MiB / 450.7MiB [===============================>-------] 83 % 3.7 MiB/s 20s
[1A[J376.1MiB / 450.7MiB [================================>------] 83 % 3.7 MiB/s 20s
[1A[J376.4MiB / 450.7MiB [================================>------] 84 % 3.7 MiB/s 20s
[1A[J376.8MiB / 450.7MiB [================================>------] 84 % 3.7 MiB/s 20s
[1A[J377.3MiB / 450.7MiB [================================>------] 84 % 3.7 MiB/s 20s
[1A[J377.5MiB / 450.7MiB [================================>------] 84 % 3.7 MiB/s 20s
[1A[J378.2MiB / 450.7MiB [================================>------] 84 % 3.7 MiB/s 19s
[1A[J378.3MiB / 450.7MiB [================================>------] 84 % 3.7 MiB/s 19s
[1A[J379.0MiB / 450.7MiB [================================>------] 84 % 3.7 MiB/s 19s
[1A[J379.2MiB / 450.7MiB [================================>------] 84 % 3.7 MiB/s 19s
[1A[J379.7MiB / 450.7MiB [================================>------] 84 % 3.7 MiB/s 19s
[1A[J380.1MiB / 450.7MiB [================================>------] 84 % 3.7 MiB/s 19s
[1A[J380.5MiB / 450.7MiB [================================>------] 84 % 3.7 MiB/s 19s
[1A[J381.0MiB / 450.7MiB [================================>------] 85 % 3.7 MiB/s 19s
[1A[J381.2MiB / 450.7MiB [================================>------] 85 % 3.7 MiB/s 19s
[1A[J381.9MiB / 450.7MiB [================================>------] 85 % 3.7 MiB/s 18s
[1A[J381.9MiB / 450.7MiB [================================>------] 85 % 3.7 MiB/s 18s
[1A[J382.7MiB / 450.7MiB [================================>------] 85 % 3.7 MiB/s 18s
[1A[J382.8MiB / 450.7MiB [================================>------] 85 % 3.7 MiB/s 18s
[1A[J383.4MiB / 450.7MiB [================================>------] 85 % 3.7 MiB/s 18s
[1A[J383.7MiB / 450.7MiB [================================>------] 85 % 3.7 MiB/s 18s
[1A[J384.1MiB / 450.7MiB [================================>------] 85 % 3.7 MiB/s 18s
[1A[J384.6MiB / 450.7MiB [================================>------] 85 % 3.7 MiB/s 18s
[1A[J384.9MiB / 450.7MiB [================================>------] 85 % 3.7 MiB/s 18s
[1A[J385.5MiB / 450.7MiB [================================>------] 86 % 3.7 MiB/s 17s
[1A[J385.6MiB / 450.7MiB [================================>------] 86 % 3.7 MiB/s 17s
[1A[J386.4MiB / 450.7MiB [================================>------] 86 % 3.7 MiB/s 17s
[1A[J386.5MiB / 450.7MiB [================================>------] 86 % 3.7 MiB/s 17s
[1A[J387.1MiB / 450.7MiB [================================>------] 86 % 3.7 MiB/s 17s
[1A[J387.4MiB / 450.7MiB [=================================>-----] 86 % 3.7 MiB/s 17s
[1A[J387.8MiB / 450.7MiB [=================================>-----] 86 % 3.7 MiB/s 17s
[1A[J388.3MiB / 450.7MiB [=================================>-----] 86 % 3.7 MiB/s 17s
[1A[J388.5MiB / 450.7MiB [=================================>-----] 86 % 3.7 MiB/s 17s
[1A[J389.2MiB / 450.7MiB [=================================>-----] 86 % 3.7 MiB/s 16s
[1A[J389.2MiB / 450.7MiB [=================================>-----] 86 % 3.6 MiB/s 16s
[1A[J390.1MiB / 450.7MiB [=================================>-----] 87 % 3.7 MiB/s 16s
[1A[J390.2MiB / 450.7MiB [=================================>-----] 87 % 3.6 MiB/s 16s
[1A[J390.7MiB / 450.7MiB [=================================>-----] 87 % 3.7 MiB/s 16s
[1A[J391.1MiB / 450.7MiB [=================================>-----] 87 % 3.6 MiB/s 16s
[1A[J391.5MiB / 450.7MiB [=================================>-----] 87 % 3.6 MiB/s 16s
[1A[J392.0MiB / 450.7MiB [=================================>-----] 87 % 3.6 MiB/s 16s
[1A[J392.2MiB / 450.7MiB [=================================>-----] 87 % 3.6 MiB/s 16s
[1A[J392.9MiB / 450.7MiB [=================================>-----] 87 % 3.6 MiB/s 15s
[1A[J392.9MiB / 450.7MiB [=================================>-----] 87 % 3.6 MiB/s 15s
[1A[J393.8MiB / 450.7MiB [=================================>-----] 87 % 3.7 MiB/s 15s
[1A[J393.9MiB / 450.7MiB [=================================>-----] 87 % 3.6 MiB/s 15s
[1A[J394.5MiB / 450.7MiB [=================================>-----] 88 % 3.6 MiB/s 15s
[1A[J394.8MiB / 450.7MiB [=================================>-----] 88 % 3.6 MiB/s 15s
[1A[J395.3MiB / 450.7MiB [=================================>-----] 88 % 3.6 MiB/s 15s
[1A[J395.7MiB / 450.7MiB [=================================>-----] 88 % 3.6 MiB/s 15s
[1A[J396.0MiB / 450.7MiB [=================================>-----] 88 % 3.6 MiB/s 15s
[1A[J396.6MiB / 450.7MiB [=================================>-----] 88 % 3.6 MiB/s 14s
[1A[J396.7MiB / 450.7MiB [=================================>-----] 88 % 3.6 MiB/s 14s
[1A[J397.5MiB / 450.7MiB [=================================>-----] 88 % 3.6 MiB/s 14s
[1A[J397.6MiB / 450.7MiB [=================================>-----] 88 % 3.6 MiB/s 14s
[1A[J398.3MiB / 450.7MiB [=================================>-----] 88 % 3.6 MiB/s 14s
[1A[J398.6MiB / 450.7MiB [=================================>-----] 88 % 3.6 MiB/s 14s
[1A[J399.1MiB / 450.7MiB [==================================>----] 89 % 3.6 MiB/s 14s
[1A[J399.5MiB / 450.7MiB [==================================>----] 89 % 3.6 MiB/s 14s
[1A[J399.8MiB / 450.7MiB [==================================>----] 89 % 3.6 MiB/s 13s
[1A[J400.5MiB / 450.7MiB [==================================>----] 89 % 3.6 MiB/s 13s
[1A[J400.6MiB / 450.7MiB [==================================>----] 89 % 3.6 MiB/s 13s
[1A[J401.4MiB / 450.7MiB [==================================>----] 89 % 3.6 MiB/s 13s
[1A[J401.5MiB / 450.7MiB [==================================>----] 89 % 3.6 MiB/s 13s
[1A[J402.2MiB / 450.7MiB [==================================>----] 89 % 3.6 MiB/s 13s
[1A[J402.5MiB / 450.7MiB [==================================>----] 89 % 3.6 MiB/s 13s
[1A[J403.1MiB / 450.7MiB [==================================>----] 89 % 3.6 MiB/s 13s
[1A[J403.5MiB / 450.7MiB [==================================>----] 90 % 3.6 MiB/s 12s
[1A[J403.8MiB / 450.7MiB [==================================>----] 90 % 3.6 MiB/s 12s
[1A[J404.5MiB / 450.7MiB [==================================>----] 90 % 3.6 MiB/s 12s
[1A[J404.7MiB / 450.7MiB [==================================>----] 90 % 3.6 MiB/s 12s
[1A[J405.5MiB / 450.7MiB [==================================>----] 90 % 3.6 MiB/s 12s
[1A[J405.6MiB / 450.7MiB [==================================>----] 90 % 3.6 MiB/s 12s
[1A[J406.4MiB / 450.7MiB [==================================>----] 90 % 3.6 MiB/s 12s
[1A[J406.6MiB / 450.7MiB [==================================>----] 90 % 3.6 MiB/s 12s
[1A[J407.2MiB / 450.7MiB [==================================>----] 90 % 3.6 MiB/s 11s
[1A[J407.7MiB / 450.7MiB [==================================>----] 90 % 3.6 MiB/s 11s
[1A[J408.1MiB / 450.7MiB [==================================>----] 91 % 3.6 MiB/s 11s
[1A[J408.8MiB / 450.7MiB [==================================>----] 91 % 3.7 MiB/s 11s
[1A[J409.0MiB / 450.7MiB [==================================>----] 91 % 3.6 MiB/s 11s
[1A[J409.9MiB / 450.7MiB [==================================>----] 91 % 3.7 MiB/s 11s
[1A[J409.9MiB / 450.7MiB [==================================>----] 91 % 3.6 MiB/s 11s
[1A[J410.8MiB / 450.7MiB [===================================>---] 91 % 3.7 MiB/s 10s
[1A[J411.1MiB / 450.7MiB [===================================>---] 91 % 3.7 MiB/s 10s
[1A[J411.8MiB / 450.7MiB [===================================>---] 91 % 3.7 MiB/s 10s
[1A[J412.2MiB / 450.7MiB [===================================>---] 91 % 3.7 MiB/s 10s
[1A[J412.7MiB / 450.7MiB [===================================>---] 92 % 3.7 MiB/s 10s
[1A[J413.4MiB / 450.7MiB [===================================>---] 92 % 3.7 MiB/s 10s
[1A[J413.7MiB / 450.7MiB [===================================>---] 92 % 3.7 MiB/s 10s
[1A[J414.6MiB / 450.7MiB [====================================>---] 92 % 3.7 MiB/s 9s
[1A[J414.7MiB / 450.7MiB [====================================>---] 92 % 3.7 MiB/s 9s
[1A[J415.7MiB / 450.7MiB [====================================>---] 92 % 3.7 MiB/s 9s
[1A[J415.9MiB / 450.7MiB [====================================>---] 92 % 3.7 MiB/s 9s
[1A[J416.7MiB / 450.7MiB [====================================>---] 92 % 3.7 MiB/s 9s
[1A[J417.2MiB / 450.7MiB [====================================>---] 93 % 3.7 MiB/s 9s
[1A[J417.8MiB / 450.7MiB [====================================>---] 93 % 3.7 MiB/s 8s
[1A[J418.5MiB / 450.7MiB [====================================>---] 93 % 3.7 MiB/s 8s
[1A[J418.8MiB / 450.7MiB [====================================>---] 93 % 3.7 MiB/s 8s
[1A[J419.9MiB / 450.7MiB [====================================>---] 93 % 3.7 MiB/s 8s
[1A[J419.9MiB / 450.7MiB [====================================>---] 93 % 3.7 MiB/s 8s
[1A[J421.1MiB / 450.7MiB [====================================>---] 93 % 3.7 MiB/s 8s
[1A[J421.3MiB / 450.7MiB [====================================>---] 93 % 3.7 MiB/s 8s
[1A[J422.2MiB / 450.7MiB [====================================>---] 94 % 3.7 MiB/s 7s
[1A[J422.8MiB / 450.7MiB [=====================================>--] 94 % 3.7 MiB/s 7s
[1A[J423.4MiB / 450.7MiB [=====================================>--] 94 % 3.7 MiB/s 7s
[1A[J424.2MiB / 450.7MiB [=====================================>--] 94 % 3.7 MiB/s 7s
[1A[J424.6MiB / 450.7MiB [=====================================>--] 94 % 3.7 MiB/s 7s
[1A[J425.7MiB / 450.7MiB [=====================================>--] 94 % 3.7 MiB/s 6s
[1A[J425.8MiB / 450.7MiB [=====================================>--] 94 % 3.7 MiB/s 6s
[1A[J427.1MiB / 450.7MiB [=====================================>--] 95 % 3.7 MiB/s 6s
[1A[J427.4MiB / 450.7MiB [=====================================>--] 95 % 3.7 MiB/s 6s
[1A[J428.4MiB / 450.7MiB [=====================================>--] 95 % 3.7 MiB/s 6s
[1A[J429.0MiB / 450.7MiB [=====================================>--] 95 % 3.7 MiB/s 5s
[1A[J429.7MiB / 450.7MiB [=====================================>--] 95 % 3.7 MiB/s 5s
[1A[J430.7MiB / 450.7MiB [=====================================>--] 96 % 3.7 MiB/s 5s
[1A[J431.1MiB / 450.7MiB [=====================================>--] 96 % 3.7 MiB/s 5s
[1A[J432.4MiB / 450.7MiB [=====================================>--] 96 % 3.7 MiB/s 4s
[1A[J432.5MiB / 450.7MiB [=====================================>--] 96 % 3.7 MiB/s 4s
[1A[J433.8MiB / 450.7MiB [======================================>-] 96 % 3.7 MiB/s 4s
[1A[J434.3MiB / 450.7MiB [======================================>-] 96 % 3.7 MiB/s 4s
[1A[J435.3MiB / 450.7MiB [======================================>-] 97 % 3.7 MiB/s 4s
[1A[J436.2MiB / 450.7MiB [======================================>-] 97 % 3.7 MiB/s 3s
[1A[J436.9MiB / 450.7MiB [======================================>-] 97 % 3.7 MiB/s 3s
[1A[J438.0MiB / 450.7MiB [======================================>-] 97 % 3.7 MiB/s 3s
[1A[J438.5MiB / 450.7MiB [======================================>-] 97 % 3.7 MiB/s 3s
[1A[J439.8MiB / 450.7MiB [======================================>-] 98 % 3.7 MiB/s 2s
[1A[J440.2MiB / 450.7MiB [======================================>-] 98 % 3.7 MiB/s 2s
[1A[J441.5MiB / 450.7MiB [======================================>-] 98 % 3.7 MiB/s 2s
[1A[J442.2MiB / 450.7MiB [======================================>-] 98 % 3.7 MiB/s 2s
[1A[J443.3MiB / 450.7MiB [======================================>-] 98 % 3.8 MiB/s 1s
[1A[J444.3MiB / 450.7MiB [======================================>-] 99 % 3.8 MiB/s 1s
[1A[J445.1MiB / 450.7MiB [========================================] 99 % 3.8 MiB/s 1s
[1A[J446.4MiB / 450.7MiB [========================================] 99 % 3.8 MiB/s 1s
[1A[J447.0MiB / 450.7MiB [========================================] 99 % 3.8 MiB/s 0s
[1A[J447.4MiB / 450.7MiB [========================================] 99 % 3.8 MiB/s 0s
[1A[J447.4MiB / 450.7MiB [========================================] 99 % 3.8 MiB/s 0s
[1A[J447.9MiB / 450.7MiB [========================================] 99 % 3.8 MiB/s 0s
[1A[J450.4MiB / 450.7MiB [=======================================] 100 % 3.8 MiB/s 0s
[1A[J450.4MiB / 450.7MiB [=======================================] 100 % 3.8 MiB/s 0s
[1A[J450.5MiB / 450.7MiB [=======================================] 100 % 3.8 MiB/s 0s
[1A[J450.5MiB / 450.7MiB [=======================================] 100 % 3.8 MiB/s 0s
[1A[J450.5MiB / 450.7MiB [=======================================] 100 % 3.8 MiB/s 0s
[1A[J450.5MiB / 450.7MiB [=======================================] 100 % 3.8 MiB/s 0s
[1A[J450.5MiB / 450.7MiB [=======================================] 100 % 3.8 MiB/s 0s
[1A[J450.5MiB / 450.7MiB [=======================================] 100 % 3.8 MiB/s 0s
[1A[J450.5MiB / 450.7MiB [=======================================] 100 % 3.8 MiB/s 0s
[1A[J450.6MiB / 450.7MiB [=======================================] 100 % 3.8 MiB/s 0s
[1A[J450.6MiB / 450.7MiB [=======================================] 100 % 3.7 MiB/s 0s
[1A[J450.6MiB / 450.7MiB [=======================================] 100 % 3.7 MiB/s 0s
[1A[J450.6MiB / 450.7MiB [=======================================] 100 % 3.7 MiB/s 0s
[1A[J450.6MiB / 450.7MiB [=======================================] 100 % 3.7 MiB/s 0s
[1A[J450.7MiB / 450.7MiB [=======================================] 100 % 3.7 MiB/s 0s
[1A[J450.7MiB / 450.7MiB [=======================================] 100 % 3.7 MiB/s 0s
[1A[J450.7MiB / 450.7MiB [=======================================] 100 % 3.7 MiB/s 0s
WARNING: integrity: signature not found for object group 1
WARNING: Skipping container verification
